[2022-10-16 02:18:19] local.ERROR: Target class [Request] does not exist. {"exception":"[object] (Illuminate\\Contracts\\Container\\BindingResolutionException(code: 0): Target class [Request] does not exist. at C:\\Users\\hanif\\Documents\\lumenapi\\vendor\\illuminate\\container\\Container.php:877)
[stacktrace]
#0 C:\\Users\\hanif\\Documents\\lumenapi\\vendor\\illuminate\\container\\Container.php(756): Illuminate\\Container\\Container->build('Request')
#1 C:\\Users\\hanif\\Documents\\lumenapi\\vendor\\illuminate\\container\\Container.php(692): Illuminate\\Container\\Container->resolve('Request', Array)
#2 C:\\Users\\hanif\\Documents\\lumenapi\\vendor\\laravel\\lumen-framework\\src\\Application.php(300): Illuminate\\Container\\Container->make('Request', Array)
#3 C:\\Users\\hanif\\Documents\\lumenapi\\vendor\\illuminate\\container\\BoundMethod.php(181): Laravel\\Lumen\\Application->make('Request')
#4 C:\\Users\\hanif\\Documents\\lumenapi\\vendor\\illuminate\\container\\BoundMethod.php(124): Illuminate\\Container\\BoundMethod::addDependencyForCallParameter(Object(Laravel\\Lumen\\Application), Object(ReflectionParameter), Array, Array)
#5 C:\\Users\\hanif\\Documents\\lumenapi\\vendor\\illuminate\\container\\BoundMethod.php(36): Illuminate\\Container\\BoundMethod::getMethodDependencies(Object(Laravel\\Lumen\\Application), Object(Closure), Array)
#6 C:\\Users\\hanif\\Documents\\lumenapi\\vendor\\illuminate\\container\\Util.php(41): Illuminate\\Container\\BoundMethod::Illuminate\\Container\\{closure}()
#7 C:\\Users\\hanif\\Documents\\lumenapi\\vendor\\illuminate\\container\\BoundMethod.php(81): Illuminate\\Container\\Util::unwrapIfClosure(Object(Closure))
#8 C:\\Users\\hanif\\Documents\\lumenapi\\vendor\\illuminate\\container\\BoundMethod.php(37): Illuminate\\Container\\BoundMethod::callBoundMethod(Object(Laravel\\Lumen\\Application), Object(Closure), Object(Closure))
#9 C:\\Users\\hanif\\Documents\\lumenapi\\vendor\\illuminate\\container\\Container.php(651): Illuminate\\Container\\BoundMethod::call(Object(Laravel\\Lumen\\Application), Object(Closure), Array, NULL)
#10 C:\\Users\\hanif\\Documents\\lumenapi\\vendor\\laravel\\lumen-framework\\src\\Concerns\\RoutesRequests.php(302): Illuminate\\Container\\Container->call(Object(Closure), Array)
#11 C:\\Users\\hanif\\Documents\\lumenapi\\vendor\\laravel\\lumen-framework\\src\\Concerns\\RoutesRequests.php(267): Laravel\\Lumen\\Application->callActionOnArrayBasedRoute(Array)
#12 C:\\Users\\hanif\\Documents\\lumenapi\\vendor\\laravel\\lumen-framework\\src\\Concerns\\RoutesRequests.php(169): Laravel\\Lumen\\Application->handleFoundRoute(Array)
#13 C:\\Users\\hanif\\Documents\\lumenapi\\vendor\\laravel\\lumen-framework\\src\\Concerns\\RoutesRequests.php(429): Laravel\\Lumen\\Application->Laravel\\Lumen\\Concerns\\{closure}(Object(Laravel\\Lumen\\Http\\Request))
#14 C:\\Users\\hanif\\Documents\\lumenapi\\vendor\\laravel\\lumen-framework\\src\\Concerns\\RoutesRequests.php(175): Laravel\\Lumen\\Application->sendThroughPipeline(Array, Object(Closure))
#15 C:\\Users\\hanif\\Documents\\lumenapi\\vendor\\laravel\\lumen-framework\\src\\Concerns\\RoutesRequests.php(112): Laravel\\Lumen\\Application->dispatch(NULL)
#16 C:\\Users\\hanif\\Documents\\lumenapi\\public\\index.php(28): Laravel\\Lumen\\Application->run()
#17 {main}

[previous exception] [object] (ReflectionException(code: -1): Class \"Request\" does not exist at C:\\Users\\hanif\\Documents\\lumenapi\\vendor\\illuminate\\container\\Container.php:875)
[stacktrace]
#0 C:\\Users\\hanif\\Documents\\lumenapi\\vendor\\illuminate\\container\\Container.php(875): ReflectionClass->__construct('Request')
#1 C:\\Users\\hanif\\Documents\\lumenapi\\vendor\\illuminate\\container\\Container.php(756): Illuminate\\Container\\Container->build('Request')
#2 C:\\Users\\hanif\\Documents\\lumenapi\\vendor\\illuminate\\container\\Container.php(692): Illuminate\\Container\\Container->resolve('Request', Array)
#3 C:\\Users\\hanif\\Documents\\lumenapi\\vendor\\laravel\\lumen-framework\\src\\Application.php(300): Illuminate\\Container\\Container->make('Request', Array)
#4 C:\\Users\\hanif\\Documents\\lumenapi\\vendor\\illuminate\\container\\BoundMethod.php(181): Laravel\\Lumen\\Application->make('Request')
#5 C:\\Users\\hanif\\Documents\\lumenapi\\vendor\\illuminate\\container\\BoundMethod.php(124): Illuminate\\Container\\BoundMethod::addDependencyForCallParameter(Object(Laravel\\Lumen\\Application), Object(ReflectionParameter), Array, Array)
#6 C:\\Users\\hanif\\Documents\\lumenapi\\vendor\\illuminate\\container\\BoundMethod.php(36): Illuminate\\Container\\BoundMethod::getMethodDependencies(Object(Laravel\\Lumen\\Application), Object(Closure), Array)
#7 C:\\Users\\hanif\\Documents\\lumenapi\\vendor\\illuminate\\container\\Util.php(41): Illuminate\\Container\\BoundMethod::Illuminate\\Container\\{closure}()
#8 C:\\Users\\hanif\\Documents\\lumenapi\\vendor\\illuminate\\container\\BoundMethod.php(81): Illuminate\\Container\\Util::unwrapIfClosure(Object(Closure))
#9 C:\\Users\\hanif\\Documents\\lumenapi\\vendor\\illuminate\\container\\BoundMethod.php(37): Illuminate\\Container\\BoundMethod::callBoundMethod(Object(Laravel\\Lumen\\Application), Object(Closure), Object(Closure))
#10 C:\\Users\\hanif\\Documents\\lumenapi\\vendor\\illuminate\\container\\Container.php(651): Illuminate\\Container\\BoundMethod::call(Object(Laravel\\Lumen\\Application), Object(Closure), Array, NULL)
#11 C:\\Users\\hanif\\Documents\\lumenapi\\vendor\\laravel\\lumen-framework\\src\\Concerns\\RoutesRequests.php(302): Illuminate\\Container\\Container->call(Object(Closure), Array)
#12 C:\\Users\\hanif\\Documents\\lumenapi\\vendor\\laravel\\lumen-framework\\src\\Concerns\\RoutesRequests.php(267): Laravel\\Lumen\\Application->callActionOnArrayBasedRoute(Array)
#13 C:\\Users\\hanif\\Documents\\lumenapi\\vendor\\laravel\\lumen-framework\\src\\Concerns\\RoutesRequests.php(169): Laravel\\Lumen\\Application->handleFoundRoute(Array)
#14 C:\\Users\\hanif\\Documents\\lumenapi\\vendor\\laravel\\lumen-framework\\src\\Concerns\\RoutesRequests.php(429): Laravel\\Lumen\\Application->Laravel\\Lumen\\Concerns\\{closure}(Object(Laravel\\Lumen\\Http\\Request))
#15 C:\\Users\\hanif\\Documents\\lumenapi\\vendor\\laravel\\lumen-framework\\src\\Concerns\\RoutesRequests.php(175): Laravel\\Lumen\\Application->sendThroughPipeline(Array, Object(Closure))
#16 C:\\Users\\hanif\\Documents\\lumenapi\\vendor\\laravel\\lumen-framework\\src\\Concerns\\RoutesRequests.php(112): Laravel\\Lumen\\Application->dispatch(NULL)
#17 C:\\Users\\hanif\\Documents\\lumenapi\\public\\index.php(28): Laravel\\Lumen\\Application->run()
#18 {main}
"} 
[2022-10-16 02:19:00] local.ERROR: Target class [Request] does not exist. {"exception":"[object] (Illuminate\\Contracts\\Container\\BindingResolutionException(code: 0): Target class [Request] does not exist. at C:\\Users\\hanif\\Documents\\lumenapi\\vendor\\illuminate\\container\\Container.php:877)
[stacktrace]
#0 C:\\Users\\hanif\\Documents\\lumenapi\\vendor\\illuminate\\container\\Container.php(756): Illuminate\\Container\\Container->build('Request')
#1 C:\\Users\\hanif\\Documents\\lumenapi\\vendor\\illuminate\\container\\Container.php(692): Illuminate\\Container\\Container->resolve('Request', Array)
#2 C:\\Users\\hanif\\Documents\\lumenapi\\vendor\\laravel\\lumen-framework\\src\\Application.php(300): Illuminate\\Container\\Container->make('Request', Array)
#3 C:\\Users\\hanif\\Documents\\lumenapi\\vendor\\illuminate\\container\\BoundMethod.php(181): Laravel\\Lumen\\Application->make('Request')
#4 C:\\Users\\hanif\\Documents\\lumenapi\\vendor\\illuminate\\container\\BoundMethod.php(124): Illuminate\\Container\\BoundMethod::addDependencyForCallParameter(Object(Laravel\\Lumen\\Application), Object(ReflectionParameter), Array, Array)
#5 C:\\Users\\hanif\\Documents\\lumenapi\\vendor\\illuminate\\container\\BoundMethod.php(36): Illuminate\\Container\\BoundMethod::getMethodDependencies(Object(Laravel\\Lumen\\Application), Object(Closure), Array)
#6 C:\\Users\\hanif\\Documents\\lumenapi\\vendor\\illuminate\\container\\Util.php(41): Illuminate\\Container\\BoundMethod::Illuminate\\Container\\{closure}()
#7 C:\\Users\\hanif\\Documents\\lumenapi\\vendor\\illuminate\\container\\BoundMethod.php(81): Illuminate\\Container\\Util::unwrapIfClosure(Object(Closure))
#8 C:\\Users\\hanif\\Documents\\lumenapi\\vendor\\illuminate\\container\\BoundMethod.php(37): Illuminate\\Container\\BoundMethod::callBoundMethod(Object(Laravel\\Lumen\\Application), Object(Closure), Object(Closure))
#9 C:\\Users\\hanif\\Documents\\lumenapi\\vendor\\illuminate\\container\\Container.php(651): Illuminate\\Container\\BoundMethod::call(Object(Laravel\\Lumen\\Application), Object(Closure), Array, NULL)
#10 C:\\Users\\hanif\\Documents\\lumenapi\\vendor\\laravel\\lumen-framework\\src\\Concerns\\RoutesRequests.php(302): Illuminate\\Container\\Container->call(Object(Closure), Array)
#11 C:\\Users\\hanif\\Documents\\lumenapi\\vendor\\laravel\\lumen-framework\\src\\Concerns\\RoutesRequests.php(267): Laravel\\Lumen\\Application->callActionOnArrayBasedRoute(Array)
#12 C:\\Users\\hanif\\Documents\\lumenapi\\vendor\\laravel\\lumen-framework\\src\\Concerns\\RoutesRequests.php(169): Laravel\\Lumen\\Application->handleFoundRoute(Array)
#13 C:\\Users\\hanif\\Documents\\lumenapi\\vendor\\laravel\\lumen-framework\\src\\Concerns\\RoutesRequests.php(429): Laravel\\Lumen\\Application->Laravel\\Lumen\\Concerns\\{closure}(Object(Laravel\\Lumen\\Http\\Request))
#14 C:\\Users\\hanif\\Documents\\lumenapi\\vendor\\laravel\\lumen-framework\\src\\Concerns\\RoutesRequests.php(175): Laravel\\Lumen\\Application->sendThroughPipeline(Array, Object(Closure))
#15 C:\\Users\\hanif\\Documents\\lumenapi\\vendor\\laravel\\lumen-framework\\src\\Concerns\\RoutesRequests.php(112): Laravel\\Lumen\\Application->dispatch(NULL)
#16 C:\\Users\\hanif\\Documents\\lumenapi\\public\\index.php(28): Laravel\\Lumen\\Application->run()
#17 {main}

[previous exception] [object] (ReflectionException(code: -1): Class \"Request\" does not exist at C:\\Users\\hanif\\Documents\\lumenapi\\vendor\\illuminate\\container\\Container.php:875)
[stacktrace]
#0 C:\\Users\\hanif\\Documents\\lumenapi\\vendor\\illuminate\\container\\Container.php(875): ReflectionClass->__construct('Request')
#1 C:\\Users\\hanif\\Documents\\lumenapi\\vendor\\illuminate\\container\\Container.php(756): Illuminate\\Container\\Container->build('Request')
#2 C:\\Users\\hanif\\Documents\\lumenapi\\vendor\\illuminate\\container\\Container.php(692): Illuminate\\Container\\Container->resolve('Request', Array)
#3 C:\\Users\\hanif\\Documents\\lumenapi\\vendor\\laravel\\lumen-framework\\src\\Application.php(300): Illuminate\\Container\\Container->make('Request', Array)
#4 C:\\Users\\hanif\\Documents\\lumenapi\\vendor\\illuminate\\container\\BoundMethod.php(181): Laravel\\Lumen\\Application->make('Request')
#5 C:\\Users\\hanif\\Documents\\lumenapi\\vendor\\illuminate\\container\\BoundMethod.php(124): Illuminate\\Container\\BoundMethod::addDependencyForCallParameter(Object(Laravel\\Lumen\\Application), Object(ReflectionParameter), Array, Array)
#6 C:\\Users\\hanif\\Documents\\lumenapi\\vendor\\illuminate\\container\\BoundMethod.php(36): Illuminate\\Container\\BoundMethod::getMethodDependencies(Object(Laravel\\Lumen\\Application), Object(Closure), Array)
#7 C:\\Users\\hanif\\Documents\\lumenapi\\vendor\\illuminate\\container\\Util.php(41): Illuminate\\Container\\BoundMethod::Illuminate\\Container\\{closure}()
#8 C:\\Users\\hanif\\Documents\\lumenapi\\vendor\\illuminate\\container\\BoundMethod.php(81): Illuminate\\Container\\Util::unwrapIfClosure(Object(Closure))
#9 C:\\Users\\hanif\\Documents\\lumenapi\\vendor\\illuminate\\container\\BoundMethod.php(37): Illuminate\\Container\\BoundMethod::callBoundMethod(Object(Laravel\\Lumen\\Application), Object(Closure), Object(Closure))
#10 C:\\Users\\hanif\\Documents\\lumenapi\\vendor\\illuminate\\container\\Container.php(651): Illuminate\\Container\\BoundMethod::call(Object(Laravel\\Lumen\\Application), Object(Closure), Array, NULL)
#11 C:\\Users\\hanif\\Documents\\lumenapi\\vendor\\laravel\\lumen-framework\\src\\Concerns\\RoutesRequests.php(302): Illuminate\\Container\\Container->call(Object(Closure), Array)
#12 C:\\Users\\hanif\\Documents\\lumenapi\\vendor\\laravel\\lumen-framework\\src\\Concerns\\RoutesRequests.php(267): Laravel\\Lumen\\Application->callActionOnArrayBasedRoute(Array)
#13 C:\\Users\\hanif\\Documents\\lumenapi\\vendor\\laravel\\lumen-framework\\src\\Concerns\\RoutesRequests.php(169): Laravel\\Lumen\\Application->handleFoundRoute(Array)
#14 C:\\Users\\hanif\\Documents\\lumenapi\\vendor\\laravel\\lumen-framework\\src\\Concerns\\RoutesRequests.php(429): Laravel\\Lumen\\Application->Laravel\\Lumen\\Concerns\\{closure}(Object(Laravel\\Lumen\\Http\\Request))
#15 C:\\Users\\hanif\\Documents\\lumenapi\\vendor\\laravel\\lumen-framework\\src\\Concerns\\RoutesRequests.php(175): Laravel\\Lumen\\Application->sendThroughPipeline(Array, Object(Closure))
#16 C:\\Users\\hanif\\Documents\\lumenapi\\vendor\\laravel\\lumen-framework\\src\\Concerns\\RoutesRequests.php(112): Laravel\\Lumen\\Application->dispatch(NULL)
#17 C:\\Users\\hanif\\Documents\\lumenapi\\public\\index.php(28): Laravel\\Lumen\\Application->run()
#18 {main}
"} 
[2022-10-16 02:20:09] local.ERROR: Unable to resolve dependency [Parameter #0 [ <required> $as ]] in class Closure {"exception":"[object] (Illuminate\\Contracts\\Container\\BindingResolutionException(code: 0): Unable to resolve dependency [Parameter #0 [ <required> $as ]] in class Closure at C:\\Users\\hanif\\Documents\\lumenapi\\vendor\\illuminate\\container\\BoundMethod.php:188)
[stacktrace]
#0 C:\\Users\\hanif\\Documents\\lumenapi\\vendor\\illuminate\\container\\BoundMethod.php(124): Illuminate\\Container\\BoundMethod::addDependencyForCallParameter(Object(Laravel\\Lumen\\Application), Object(ReflectionParameter), Array, Array)
#1 C:\\Users\\hanif\\Documents\\lumenapi\\vendor\\illuminate\\container\\BoundMethod.php(36): Illuminate\\Container\\BoundMethod::getMethodDependencies(Object(Laravel\\Lumen\\Application), Object(Closure), Array)
#2 C:\\Users\\hanif\\Documents\\lumenapi\\vendor\\illuminate\\container\\Util.php(41): Illuminate\\Container\\BoundMethod::Illuminate\\Container\\{closure}()
#3 C:\\Users\\hanif\\Documents\\lumenapi\\vendor\\illuminate\\container\\BoundMethod.php(81): Illuminate\\Container\\Util::unwrapIfClosure(Object(Closure))
#4 C:\\Users\\hanif\\Documents\\lumenapi\\vendor\\illuminate\\container\\BoundMethod.php(37): Illuminate\\Container\\BoundMethod::callBoundMethod(Object(Laravel\\Lumen\\Application), Object(Closure), Object(Closure))
#5 C:\\Users\\hanif\\Documents\\lumenapi\\vendor\\illuminate\\container\\Container.php(651): Illuminate\\Container\\BoundMethod::call(Object(Laravel\\Lumen\\Application), Object(Closure), Array, NULL)
#6 C:\\Users\\hanif\\Documents\\lumenapi\\vendor\\laravel\\lumen-framework\\src\\Concerns\\RoutesRequests.php(302): Illuminate\\Container\\Container->call(Object(Closure), Array)
#7 C:\\Users\\hanif\\Documents\\lumenapi\\vendor\\laravel\\lumen-framework\\src\\Concerns\\RoutesRequests.php(267): Laravel\\Lumen\\Application->callActionOnArrayBasedRoute(Array)
#8 C:\\Users\\hanif\\Documents\\lumenapi\\vendor\\laravel\\lumen-framework\\src\\Concerns\\RoutesRequests.php(169): Laravel\\Lumen\\Application->handleFoundRoute(Array)
#9 C:\\Users\\hanif\\Documents\\lumenapi\\vendor\\laravel\\lumen-framework\\src\\Concerns\\RoutesRequests.php(429): Laravel\\Lumen\\Application->Laravel\\Lumen\\Concerns\\{closure}(Object(Laravel\\Lumen\\Http\\Request))
#10 C:\\Users\\hanif\\Documents\\lumenapi\\vendor\\laravel\\lumen-framework\\src\\Concerns\\RoutesRequests.php(175): Laravel\\Lumen\\Application->sendThroughPipeline(Array, Object(Closure))
#11 C:\\Users\\hanif\\Documents\\lumenapi\\vendor\\laravel\\lumen-framework\\src\\Concerns\\RoutesRequests.php(112): Laravel\\Lumen\\Application->dispatch(NULL)
#12 C:\\Users\\hanif\\Documents\\lumenapi\\public\\index.php(28): Laravel\\Lumen\\Application->run()
#13 {main}
"} 
[2022-10-16 02:20:46] local.ERROR: Target class [Request] does not exist. {"exception":"[object] (Illuminate\\Contracts\\Container\\BindingResolutionException(code: 0): Target class [Request] does not exist. at C:\\Users\\hanif\\Documents\\lumenapi\\vendor\\illuminate\\container\\Container.php:877)
[stacktrace]
#0 C:\\Users\\hanif\\Documents\\lumenapi\\vendor\\illuminate\\container\\Container.php(756): Illuminate\\Container\\Container->build('Request')
#1 C:\\Users\\hanif\\Documents\\lumenapi\\vendor\\illuminate\\container\\Container.php(692): Illuminate\\Container\\Container->resolve('Request', Array)
#2 C:\\Users\\hanif\\Documents\\lumenapi\\vendor\\laravel\\lumen-framework\\src\\Application.php(300): Illuminate\\Container\\Container->make('Request', Array)
#3 C:\\Users\\hanif\\Documents\\lumenapi\\vendor\\illuminate\\container\\BoundMethod.php(181): Laravel\\Lumen\\Application->make('Request')
#4 C:\\Users\\hanif\\Documents\\lumenapi\\vendor\\illuminate\\container\\BoundMethod.php(124): Illuminate\\Container\\BoundMethod::addDependencyForCallParameter(Object(Laravel\\Lumen\\Application), Object(ReflectionParameter), Array, Array)
#5 C:\\Users\\hanif\\Documents\\lumenapi\\vendor\\illuminate\\container\\BoundMethod.php(36): Illuminate\\Container\\BoundMethod::getMethodDependencies(Object(Laravel\\Lumen\\Application), Object(Closure), Array)
#6 C:\\Users\\hanif\\Documents\\lumenapi\\vendor\\illuminate\\container\\Util.php(41): Illuminate\\Container\\BoundMethod::Illuminate\\Container\\{closure}()
#7 C:\\Users\\hanif\\Documents\\lumenapi\\vendor\\illuminate\\container\\BoundMethod.php(81): Illuminate\\Container\\Util::unwrapIfClosure(Object(Closure))
#8 C:\\Users\\hanif\\Documents\\lumenapi\\vendor\\illuminate\\container\\BoundMethod.php(37): Illuminate\\Container\\BoundMethod::callBoundMethod(Object(Laravel\\Lumen\\Application), Object(Closure), Object(Closure))
#9 C:\\Users\\hanif\\Documents\\lumenapi\\vendor\\illuminate\\container\\Container.php(651): Illuminate\\Container\\BoundMethod::call(Object(Laravel\\Lumen\\Application), Object(Closure), Array, NULL)
#10 C:\\Users\\hanif\\Documents\\lumenapi\\vendor\\laravel\\lumen-framework\\src\\Concerns\\RoutesRequests.php(302): Illuminate\\Container\\Container->call(Object(Closure), Array)
#11 C:\\Users\\hanif\\Documents\\lumenapi\\vendor\\laravel\\lumen-framework\\src\\Concerns\\RoutesRequests.php(267): Laravel\\Lumen\\Application->callActionOnArrayBasedRoute(Array)
#12 C:\\Users\\hanif\\Documents\\lumenapi\\vendor\\laravel\\lumen-framework\\src\\Concerns\\RoutesRequests.php(169): Laravel\\Lumen\\Application->handleFoundRoute(Array)
#13 C:\\Users\\hanif\\Documents\\lumenapi\\vendor\\laravel\\lumen-framework\\src\\Concerns\\RoutesRequests.php(429): Laravel\\Lumen\\Application->Laravel\\Lumen\\Concerns\\{closure}(Object(Laravel\\Lumen\\Http\\Request))
#14 C:\\Users\\hanif\\Documents\\lumenapi\\vendor\\laravel\\lumen-framework\\src\\Concerns\\RoutesRequests.php(175): Laravel\\Lumen\\Application->sendThroughPipeline(Array, Object(Closure))
#15 C:\\Users\\hanif\\Documents\\lumenapi\\vendor\\laravel\\lumen-framework\\src\\Concerns\\RoutesRequests.php(112): Laravel\\Lumen\\Application->dispatch(NULL)
#16 C:\\Users\\hanif\\Documents\\lumenapi\\public\\index.php(28): Laravel\\Lumen\\Application->run()
#17 {main}

[previous exception] [object] (ReflectionException(code: -1): Class \"Request\" does not exist at C:\\Users\\hanif\\Documents\\lumenapi\\vendor\\illuminate\\container\\Container.php:875)
[stacktrace]
#0 C:\\Users\\hanif\\Documents\\lumenapi\\vendor\\illuminate\\container\\Container.php(875): ReflectionClass->__construct('Request')
#1 C:\\Users\\hanif\\Documents\\lumenapi\\vendor\\illuminate\\container\\Container.php(756): Illuminate\\Container\\Container->build('Request')
#2 C:\\Users\\hanif\\Documents\\lumenapi\\vendor\\illuminate\\container\\Container.php(692): Illuminate\\Container\\Container->resolve('Request', Array)
#3 C:\\Users\\hanif\\Documents\\lumenapi\\vendor\\laravel\\lumen-framework\\src\\Application.php(300): Illuminate\\Container\\Container->make('Request', Array)
#4 C:\\Users\\hanif\\Documents\\lumenapi\\vendor\\illuminate\\container\\BoundMethod.php(181): Laravel\\Lumen\\Application->make('Request')
#5 C:\\Users\\hanif\\Documents\\lumenapi\\vendor\\illuminate\\container\\BoundMethod.php(124): Illuminate\\Container\\BoundMethod::addDependencyForCallParameter(Object(Laravel\\Lumen\\Application), Object(ReflectionParameter), Array, Array)
#6 C:\\Users\\hanif\\Documents\\lumenapi\\vendor\\illuminate\\container\\BoundMethod.php(36): Illuminate\\Container\\BoundMethod::getMethodDependencies(Object(Laravel\\Lumen\\Application), Object(Closure), Array)
#7 C:\\Users\\hanif\\Documents\\lumenapi\\vendor\\illuminate\\container\\Util.php(41): Illuminate\\Container\\BoundMethod::Illuminate\\Container\\{closure}()
#8 C:\\Users\\hanif\\Documents\\lumenapi\\vendor\\illuminate\\container\\BoundMethod.php(81): Illuminate\\Container\\Util::unwrapIfClosure(Object(Closure))
#9 C:\\Users\\hanif\\Documents\\lumenapi\\vendor\\illuminate\\container\\BoundMethod.php(37): Illuminate\\Container\\BoundMethod::callBoundMethod(Object(Laravel\\Lumen\\Application), Object(Closure), Object(Closure))
#10 C:\\Users\\hanif\\Documents\\lumenapi\\vendor\\illuminate\\container\\Container.php(651): Illuminate\\Container\\BoundMethod::call(Object(Laravel\\Lumen\\Application), Object(Closure), Array, NULL)
#11 C:\\Users\\hanif\\Documents\\lumenapi\\vendor\\laravel\\lumen-framework\\src\\Concerns\\RoutesRequests.php(302): Illuminate\\Container\\Container->call(Object(Closure), Array)
#12 C:\\Users\\hanif\\Documents\\lumenapi\\vendor\\laravel\\lumen-framework\\src\\Concerns\\RoutesRequests.php(267): Laravel\\Lumen\\Application->callActionOnArrayBasedRoute(Array)
#13 C:\\Users\\hanif\\Documents\\lumenapi\\vendor\\laravel\\lumen-framework\\src\\Concerns\\RoutesRequests.php(169): Laravel\\Lumen\\Application->handleFoundRoute(Array)
#14 C:\\Users\\hanif\\Documents\\lumenapi\\vendor\\laravel\\lumen-framework\\src\\Concerns\\RoutesRequests.php(429): Laravel\\Lumen\\Application->Laravel\\Lumen\\Concerns\\{closure}(Object(Laravel\\Lumen\\Http\\Request))
#15 C:\\Users\\hanif\\Documents\\lumenapi\\vendor\\laravel\\lumen-framework\\src\\Concerns\\RoutesRequests.php(175): Laravel\\Lumen\\Application->sendThroughPipeline(Array, Object(Closure))
#16 C:\\Users\\hanif\\Documents\\lumenapi\\vendor\\laravel\\lumen-framework\\src\\Concerns\\RoutesRequests.php(112): Laravel\\Lumen\\Application->dispatch(NULL)
#17 C:\\Users\\hanif\\Documents\\lumenapi\\public\\index.php(28): Laravel\\Lumen\\Application->run()
#18 {main}
"} 
[2022-10-16 02:26:11] local.ERROR: Target class [Request] does not exist. {"exception":"[object] (Illuminate\\Contracts\\Container\\BindingResolutionException(code: 0): Target class [Request] does not exist. at C:\\Users\\hanif\\Documents\\lumenapi\\vendor\\illuminate\\container\\Container.php:877)
[stacktrace]
#0 C:\\Users\\hanif\\Documents\\lumenapi\\vendor\\illuminate\\container\\Container.php(756): Illuminate\\Container\\Container->build('Request')
#1 C:\\Users\\hanif\\Documents\\lumenapi\\vendor\\illuminate\\container\\Container.php(692): Illuminate\\Container\\Container->resolve('Request', Array)
#2 C:\\Users\\hanif\\Documents\\lumenapi\\vendor\\laravel\\lumen-framework\\src\\Application.php(300): Illuminate\\Container\\Container->make('Request', Array)
#3 C:\\Users\\hanif\\Documents\\lumenapi\\vendor\\illuminate\\container\\BoundMethod.php(181): Laravel\\Lumen\\Application->make('Request')
#4 C:\\Users\\hanif\\Documents\\lumenapi\\vendor\\illuminate\\container\\BoundMethod.php(124): Illuminate\\Container\\BoundMethod::addDependencyForCallParameter(Object(Laravel\\Lumen\\Application), Object(ReflectionParameter), Array, Array)
#5 C:\\Users\\hanif\\Documents\\lumenapi\\vendor\\illuminate\\container\\BoundMethod.php(36): Illuminate\\Container\\BoundMethod::getMethodDependencies(Object(Laravel\\Lumen\\Application), Object(Closure), Array)
#6 C:\\Users\\hanif\\Documents\\lumenapi\\vendor\\illuminate\\container\\Util.php(41): Illuminate\\Container\\BoundMethod::Illuminate\\Container\\{closure}()
#7 C:\\Users\\hanif\\Documents\\lumenapi\\vendor\\illuminate\\container\\BoundMethod.php(81): Illuminate\\Container\\Util::unwrapIfClosure(Object(Closure))
#8 C:\\Users\\hanif\\Documents\\lumenapi\\vendor\\illuminate\\container\\BoundMethod.php(37): Illuminate\\Container\\BoundMethod::callBoundMethod(Object(Laravel\\Lumen\\Application), Object(Closure), Object(Closure))
#9 C:\\Users\\hanif\\Documents\\lumenapi\\vendor\\illuminate\\container\\Container.php(651): Illuminate\\Container\\BoundMethod::call(Object(Laravel\\Lumen\\Application), Object(Closure), Array, NULL)
#10 C:\\Users\\hanif\\Documents\\lumenapi\\vendor\\laravel\\lumen-framework\\src\\Concerns\\RoutesRequests.php(302): Illuminate\\Container\\Container->call(Object(Closure), Array)
#11 C:\\Users\\hanif\\Documents\\lumenapi\\vendor\\laravel\\lumen-framework\\src\\Concerns\\RoutesRequests.php(267): Laravel\\Lumen\\Application->callActionOnArrayBasedRoute(Array)
#12 C:\\Users\\hanif\\Documents\\lumenapi\\vendor\\laravel\\lumen-framework\\src\\Concerns\\RoutesRequests.php(169): Laravel\\Lumen\\Application->handleFoundRoute(Array)
#13 C:\\Users\\hanif\\Documents\\lumenapi\\vendor\\laravel\\lumen-framework\\src\\Concerns\\RoutesRequests.php(429): Laravel\\Lumen\\Application->Laravel\\Lumen\\Concerns\\{closure}(Object(Laravel\\Lumen\\Http\\Request))
#14 C:\\Users\\hanif\\Documents\\lumenapi\\vendor\\laravel\\lumen-framework\\src\\Concerns\\RoutesRequests.php(175): Laravel\\Lumen\\Application->sendThroughPipeline(Array, Object(Closure))
#15 C:\\Users\\hanif\\Documents\\lumenapi\\vendor\\laravel\\lumen-framework\\src\\Concerns\\RoutesRequests.php(112): Laravel\\Lumen\\Application->dispatch(NULL)
#16 C:\\Users\\hanif\\Documents\\lumenapi\\public\\index.php(28): Laravel\\Lumen\\Application->run()
#17 {main}

[previous exception] [object] (ReflectionException(code: -1): Class \"Request\" does not exist at C:\\Users\\hanif\\Documents\\lumenapi\\vendor\\illuminate\\container\\Container.php:875)
[stacktrace]
#0 C:\\Users\\hanif\\Documents\\lumenapi\\vendor\\illuminate\\container\\Container.php(875): ReflectionClass->__construct('Request')
#1 C:\\Users\\hanif\\Documents\\lumenapi\\vendor\\illuminate\\container\\Container.php(756): Illuminate\\Container\\Container->build('Request')
#2 C:\\Users\\hanif\\Documents\\lumenapi\\vendor\\illuminate\\container\\Container.php(692): Illuminate\\Container\\Container->resolve('Request', Array)
#3 C:\\Users\\hanif\\Documents\\lumenapi\\vendor\\laravel\\lumen-framework\\src\\Application.php(300): Illuminate\\Container\\Container->make('Request', Array)
#4 C:\\Users\\hanif\\Documents\\lumenapi\\vendor\\illuminate\\container\\BoundMethod.php(181): Laravel\\Lumen\\Application->make('Request')
#5 C:\\Users\\hanif\\Documents\\lumenapi\\vendor\\illuminate\\container\\BoundMethod.php(124): Illuminate\\Container\\BoundMethod::addDependencyForCallParameter(Object(Laravel\\Lumen\\Application), Object(ReflectionParameter), Array, Array)
#6 C:\\Users\\hanif\\Documents\\lumenapi\\vendor\\illuminate\\container\\BoundMethod.php(36): Illuminate\\Container\\BoundMethod::getMethodDependencies(Object(Laravel\\Lumen\\Application), Object(Closure), Array)
#7 C:\\Users\\hanif\\Documents\\lumenapi\\vendor\\illuminate\\container\\Util.php(41): Illuminate\\Container\\BoundMethod::Illuminate\\Container\\{closure}()
#8 C:\\Users\\hanif\\Documents\\lumenapi\\vendor\\illuminate\\container\\BoundMethod.php(81): Illuminate\\Container\\Util::unwrapIfClosure(Object(Closure))
#9 C:\\Users\\hanif\\Documents\\lumenapi\\vendor\\illuminate\\container\\BoundMethod.php(37): Illuminate\\Container\\BoundMethod::callBoundMethod(Object(Laravel\\Lumen\\Application), Object(Closure), Object(Closure))
#10 C:\\Users\\hanif\\Documents\\lumenapi\\vendor\\illuminate\\container\\Container.php(651): Illuminate\\Container\\BoundMethod::call(Object(Laravel\\Lumen\\Application), Object(Closure), Array, NULL)
#11 C:\\Users\\hanif\\Documents\\lumenapi\\vendor\\laravel\\lumen-framework\\src\\Concerns\\RoutesRequests.php(302): Illuminate\\Container\\Container->call(Object(Closure), Array)
#12 C:\\Users\\hanif\\Documents\\lumenapi\\vendor\\laravel\\lumen-framework\\src\\Concerns\\RoutesRequests.php(267): Laravel\\Lumen\\Application->callActionOnArrayBasedRoute(Array)
#13 C:\\Users\\hanif\\Documents\\lumenapi\\vendor\\laravel\\lumen-framework\\src\\Concerns\\RoutesRequests.php(169): Laravel\\Lumen\\Application->handleFoundRoute(Array)
#14 C:\\Users\\hanif\\Documents\\lumenapi\\vendor\\laravel\\lumen-framework\\src\\Concerns\\RoutesRequests.php(429): Laravel\\Lumen\\Application->Laravel\\Lumen\\Concerns\\{closure}(Object(Laravel\\Lumen\\Http\\Request))
#15 C:\\Users\\hanif\\Documents\\lumenapi\\vendor\\laravel\\lumen-framework\\src\\Concerns\\RoutesRequests.php(175): Laravel\\Lumen\\Application->sendThroughPipeline(Array, Object(Closure))
#16 C:\\Users\\hanif\\Documents\\lumenapi\\vendor\\laravel\\lumen-framework\\src\\Concerns\\RoutesRequests.php(112): Laravel\\Lumen\\Application->dispatch(NULL)
#17 C:\\Users\\hanif\\Documents\\lumenapi\\public\\index.php(28): Laravel\\Lumen\\Application->run()
#18 {main}
"} 
[2022-10-16 02:27:43] local.ERROR: Target class [Request] does not exist. {"exception":"[object] (Illuminate\\Contracts\\Container\\BindingResolutionException(code: 0): Target class [Request] does not exist. at C:\\Users\\hanif\\Documents\\lumenapi\\vendor\\illuminate\\container\\Container.php:877)
[stacktrace]
#0 C:\\Users\\hanif\\Documents\\lumenapi\\vendor\\illuminate\\container\\Container.php(756): Illuminate\\Container\\Container->build('Request')
#1 C:\\Users\\hanif\\Documents\\lumenapi\\vendor\\illuminate\\container\\Container.php(692): Illuminate\\Container\\Container->resolve('Request', Array)
#2 C:\\Users\\hanif\\Documents\\lumenapi\\vendor\\laravel\\lumen-framework\\src\\Application.php(300): Illuminate\\Container\\Container->make('Request', Array)
#3 C:\\Users\\hanif\\Documents\\lumenapi\\vendor\\illuminate\\container\\BoundMethod.php(181): Laravel\\Lumen\\Application->make('Request')
#4 C:\\Users\\hanif\\Documents\\lumenapi\\vendor\\illuminate\\container\\BoundMethod.php(124): Illuminate\\Container\\BoundMethod::addDependencyForCallParameter(Object(Laravel\\Lumen\\Application), Object(ReflectionParameter), Array, Array)
#5 C:\\Users\\hanif\\Documents\\lumenapi\\vendor\\illuminate\\container\\BoundMethod.php(36): Illuminate\\Container\\BoundMethod::getMethodDependencies(Object(Laravel\\Lumen\\Application), Object(Closure), Array)
#6 C:\\Users\\hanif\\Documents\\lumenapi\\vendor\\illuminate\\container\\Util.php(41): Illuminate\\Container\\BoundMethod::Illuminate\\Container\\{closure}()
#7 C:\\Users\\hanif\\Documents\\lumenapi\\vendor\\illuminate\\container\\BoundMethod.php(81): Illuminate\\Container\\Util::unwrapIfClosure(Object(Closure))
#8 C:\\Users\\hanif\\Documents\\lumenapi\\vendor\\illuminate\\container\\BoundMethod.php(37): Illuminate\\Container\\BoundMethod::callBoundMethod(Object(Laravel\\Lumen\\Application), Object(Closure), Object(Closure))
#9 C:\\Users\\hanif\\Documents\\lumenapi\\vendor\\illuminate\\container\\Container.php(651): Illuminate\\Container\\BoundMethod::call(Object(Laravel\\Lumen\\Application), Object(Closure), Array, NULL)
#10 C:\\Users\\hanif\\Documents\\lumenapi\\vendor\\laravel\\lumen-framework\\src\\Concerns\\RoutesRequests.php(302): Illuminate\\Container\\Container->call(Object(Closure), Array)
#11 C:\\Users\\hanif\\Documents\\lumenapi\\vendor\\laravel\\lumen-framework\\src\\Concerns\\RoutesRequests.php(267): Laravel\\Lumen\\Application->callActionOnArrayBasedRoute(Array)
#12 C:\\Users\\hanif\\Documents\\lumenapi\\vendor\\laravel\\lumen-framework\\src\\Concerns\\RoutesRequests.php(169): Laravel\\Lumen\\Application->handleFoundRoute(Array)
#13 C:\\Users\\hanif\\Documents\\lumenapi\\vendor\\laravel\\lumen-framework\\src\\Concerns\\RoutesRequests.php(429): Laravel\\Lumen\\Application->Laravel\\Lumen\\Concerns\\{closure}(Object(Laravel\\Lumen\\Http\\Request))
#14 C:\\Users\\hanif\\Documents\\lumenapi\\vendor\\laravel\\lumen-framework\\src\\Concerns\\RoutesRequests.php(175): Laravel\\Lumen\\Application->sendThroughPipeline(Array, Object(Closure))
#15 C:\\Users\\hanif\\Documents\\lumenapi\\vendor\\laravel\\lumen-framework\\src\\Concerns\\RoutesRequests.php(112): Laravel\\Lumen\\Application->dispatch(NULL)
#16 C:\\Users\\hanif\\Documents\\lumenapi\\public\\index.php(28): Laravel\\Lumen\\Application->run()
#17 {main}

[previous exception] [object] (ReflectionException(code: -1): Class \"Request\" does not exist at C:\\Users\\hanif\\Documents\\lumenapi\\vendor\\illuminate\\container\\Container.php:875)
[stacktrace]
#0 C:\\Users\\hanif\\Documents\\lumenapi\\vendor\\illuminate\\container\\Container.php(875): ReflectionClass->__construct('Request')
#1 C:\\Users\\hanif\\Documents\\lumenapi\\vendor\\illuminate\\container\\Container.php(756): Illuminate\\Container\\Container->build('Request')
#2 C:\\Users\\hanif\\Documents\\lumenapi\\vendor\\illuminate\\container\\Container.php(692): Illuminate\\Container\\Container->resolve('Request', Array)
#3 C:\\Users\\hanif\\Documents\\lumenapi\\vendor\\laravel\\lumen-framework\\src\\Application.php(300): Illuminate\\Container\\Container->make('Request', Array)
#4 C:\\Users\\hanif\\Documents\\lumenapi\\vendor\\illuminate\\container\\BoundMethod.php(181): Laravel\\Lumen\\Application->make('Request')
#5 C:\\Users\\hanif\\Documents\\lumenapi\\vendor\\illuminate\\container\\BoundMethod.php(124): Illuminate\\Container\\BoundMethod::addDependencyForCallParameter(Object(Laravel\\Lumen\\Application), Object(ReflectionParameter), Array, Array)
#6 C:\\Users\\hanif\\Documents\\lumenapi\\vendor\\illuminate\\container\\BoundMethod.php(36): Illuminate\\Container\\BoundMethod::getMethodDependencies(Object(Laravel\\Lumen\\Application), Object(Closure), Array)
#7 C:\\Users\\hanif\\Documents\\lumenapi\\vendor\\illuminate\\container\\Util.php(41): Illuminate\\Container\\BoundMethod::Illuminate\\Container\\{closure}()
#8 C:\\Users\\hanif\\Documents\\lumenapi\\vendor\\illuminate\\container\\BoundMethod.php(81): Illuminate\\Container\\Util::unwrapIfClosure(Object(Closure))
#9 C:\\Users\\hanif\\Documents\\lumenapi\\vendor\\illuminate\\container\\BoundMethod.php(37): Illuminate\\Container\\BoundMethod::callBoundMethod(Object(Laravel\\Lumen\\Application), Object(Closure), Object(Closure))
#10 C:\\Users\\hanif\\Documents\\lumenapi\\vendor\\illuminate\\container\\Container.php(651): Illuminate\\Container\\BoundMethod::call(Object(Laravel\\Lumen\\Application), Object(Closure), Array, NULL)
#11 C:\\Users\\hanif\\Documents\\lumenapi\\vendor\\laravel\\lumen-framework\\src\\Concerns\\RoutesRequests.php(302): Illuminate\\Container\\Container->call(Object(Closure), Array)
#12 C:\\Users\\hanif\\Documents\\lumenapi\\vendor\\laravel\\lumen-framework\\src\\Concerns\\RoutesRequests.php(267): Laravel\\Lumen\\Application->callActionOnArrayBasedRoute(Array)
#13 C:\\Users\\hanif\\Documents\\lumenapi\\vendor\\laravel\\lumen-framework\\src\\Concerns\\RoutesRequests.php(169): Laravel\\Lumen\\Application->handleFoundRoute(Array)
#14 C:\\Users\\hanif\\Documents\\lumenapi\\vendor\\laravel\\lumen-framework\\src\\Concerns\\RoutesRequests.php(429): Laravel\\Lumen\\Application->Laravel\\Lumen\\Concerns\\{closure}(Object(Laravel\\Lumen\\Http\\Request))
#15 C:\\Users\\hanif\\Documents\\lumenapi\\vendor\\laravel\\lumen-framework\\src\\Concerns\\RoutesRequests.php(175): Laravel\\Lumen\\Application->sendThroughPipeline(Array, Object(Closure))
#16 C:\\Users\\hanif\\Documents\\lumenapi\\vendor\\laravel\\lumen-framework\\src\\Concerns\\RoutesRequests.php(112): Laravel\\Lumen\\Application->dispatch(NULL)
#17 C:\\Users\\hanif\\Documents\\lumenapi\\public\\index.php(28): Laravel\\Lumen\\Application->run()
#18 {main}
"} 
[2022-10-16 02:28:38] local.ERROR: Target class [Request] does not exist. {"exception":"[object] (Illuminate\\Contracts\\Container\\BindingResolutionException(code: 0): Target class [Request] does not exist. at C:\\Users\\hanif\\Documents\\lumenapi\\vendor\\illuminate\\container\\Container.php:877)
[stacktrace]
#0 C:\\Users\\hanif\\Documents\\lumenapi\\vendor\\illuminate\\container\\Container.php(756): Illuminate\\Container\\Container->build('Request')
#1 C:\\Users\\hanif\\Documents\\lumenapi\\vendor\\illuminate\\container\\Container.php(692): Illuminate\\Container\\Container->resolve('Request', Array)
#2 C:\\Users\\hanif\\Documents\\lumenapi\\vendor\\laravel\\lumen-framework\\src\\Application.php(300): Illuminate\\Container\\Container->make('Request', Array)
#3 C:\\Users\\hanif\\Documents\\lumenapi\\vendor\\illuminate\\container\\BoundMethod.php(181): Laravel\\Lumen\\Application->make('Request')
#4 C:\\Users\\hanif\\Documents\\lumenapi\\vendor\\illuminate\\container\\BoundMethod.php(124): Illuminate\\Container\\BoundMethod::addDependencyForCallParameter(Object(Laravel\\Lumen\\Application), Object(ReflectionParameter), Array, Array)
#5 C:\\Users\\hanif\\Documents\\lumenapi\\vendor\\illuminate\\container\\BoundMethod.php(36): Illuminate\\Container\\BoundMethod::getMethodDependencies(Object(Laravel\\Lumen\\Application), Object(Closure), Array)
#6 C:\\Users\\hanif\\Documents\\lumenapi\\vendor\\illuminate\\container\\Util.php(41): Illuminate\\Container\\BoundMethod::Illuminate\\Container\\{closure}()
#7 C:\\Users\\hanif\\Documents\\lumenapi\\vendor\\illuminate\\container\\BoundMethod.php(81): Illuminate\\Container\\Util::unwrapIfClosure(Object(Closure))
#8 C:\\Users\\hanif\\Documents\\lumenapi\\vendor\\illuminate\\container\\BoundMethod.php(37): Illuminate\\Container\\BoundMethod::callBoundMethod(Object(Laravel\\Lumen\\Application), Object(Closure), Object(Closure))
#9 C:\\Users\\hanif\\Documents\\lumenapi\\vendor\\illuminate\\container\\Container.php(651): Illuminate\\Container\\BoundMethod::call(Object(Laravel\\Lumen\\Application), Object(Closure), Array, NULL)
#10 C:\\Users\\hanif\\Documents\\lumenapi\\vendor\\laravel\\lumen-framework\\src\\Concerns\\RoutesRequests.php(302): Illuminate\\Container\\Container->call(Object(Closure), Array)
#11 C:\\Users\\hanif\\Documents\\lumenapi\\vendor\\laravel\\lumen-framework\\src\\Concerns\\RoutesRequests.php(267): Laravel\\Lumen\\Application->callActionOnArrayBasedRoute(Array)
#12 C:\\Users\\hanif\\Documents\\lumenapi\\vendor\\laravel\\lumen-framework\\src\\Concerns\\RoutesRequests.php(169): Laravel\\Lumen\\Application->handleFoundRoute(Array)
#13 C:\\Users\\hanif\\Documents\\lumenapi\\vendor\\laravel\\lumen-framework\\src\\Concerns\\RoutesRequests.php(429): Laravel\\Lumen\\Application->Laravel\\Lumen\\Concerns\\{closure}(Object(Laravel\\Lumen\\Http\\Request))
#14 C:\\Users\\hanif\\Documents\\lumenapi\\vendor\\laravel\\lumen-framework\\src\\Concerns\\RoutesRequests.php(175): Laravel\\Lumen\\Application->sendThroughPipeline(Array, Object(Closure))
#15 C:\\Users\\hanif\\Documents\\lumenapi\\vendor\\laravel\\lumen-framework\\src\\Concerns\\RoutesRequests.php(112): Laravel\\Lumen\\Application->dispatch(NULL)
#16 C:\\Users\\hanif\\Documents\\lumenapi\\public\\index.php(28): Laravel\\Lumen\\Application->run()
#17 {main}

[previous exception] [object] (ReflectionException(code: -1): Class \"Request\" does not exist at C:\\Users\\hanif\\Documents\\lumenapi\\vendor\\illuminate\\container\\Container.php:875)
[stacktrace]
#0 C:\\Users\\hanif\\Documents\\lumenapi\\vendor\\illuminate\\container\\Container.php(875): ReflectionClass->__construct('Request')
#1 C:\\Users\\hanif\\Documents\\lumenapi\\vendor\\illuminate\\container\\Container.php(756): Illuminate\\Container\\Container->build('Request')
#2 C:\\Users\\hanif\\Documents\\lumenapi\\vendor\\illuminate\\container\\Container.php(692): Illuminate\\Container\\Container->resolve('Request', Array)
#3 C:\\Users\\hanif\\Documents\\lumenapi\\vendor\\laravel\\lumen-framework\\src\\Application.php(300): Illuminate\\Container\\Container->make('Request', Array)
#4 C:\\Users\\hanif\\Documents\\lumenapi\\vendor\\illuminate\\container\\BoundMethod.php(181): Laravel\\Lumen\\Application->make('Request')
#5 C:\\Users\\hanif\\Documents\\lumenapi\\vendor\\illuminate\\container\\BoundMethod.php(124): Illuminate\\Container\\BoundMethod::addDependencyForCallParameter(Object(Laravel\\Lumen\\Application), Object(ReflectionParameter), Array, Array)
#6 C:\\Users\\hanif\\Documents\\lumenapi\\vendor\\illuminate\\container\\BoundMethod.php(36): Illuminate\\Container\\BoundMethod::getMethodDependencies(Object(Laravel\\Lumen\\Application), Object(Closure), Array)
#7 C:\\Users\\hanif\\Documents\\lumenapi\\vendor\\illuminate\\container\\Util.php(41): Illuminate\\Container\\BoundMethod::Illuminate\\Container\\{closure}()
#8 C:\\Users\\hanif\\Documents\\lumenapi\\vendor\\illuminate\\container\\BoundMethod.php(81): Illuminate\\Container\\Util::unwrapIfClosure(Object(Closure))
#9 C:\\Users\\hanif\\Documents\\lumenapi\\vendor\\illuminate\\container\\BoundMethod.php(37): Illuminate\\Container\\BoundMethod::callBoundMethod(Object(Laravel\\Lumen\\Application), Object(Closure), Object(Closure))
#10 C:\\Users\\hanif\\Documents\\lumenapi\\vendor\\illuminate\\container\\Container.php(651): Illuminate\\Container\\BoundMethod::call(Object(Laravel\\Lumen\\Application), Object(Closure), Array, NULL)
#11 C:\\Users\\hanif\\Documents\\lumenapi\\vendor\\laravel\\lumen-framework\\src\\Concerns\\RoutesRequests.php(302): Illuminate\\Container\\Container->call(Object(Closure), Array)
#12 C:\\Users\\hanif\\Documents\\lumenapi\\vendor\\laravel\\lumen-framework\\src\\Concerns\\RoutesRequests.php(267): Laravel\\Lumen\\Application->callActionOnArrayBasedRoute(Array)
#13 C:\\Users\\hanif\\Documents\\lumenapi\\vendor\\laravel\\lumen-framework\\src\\Concerns\\RoutesRequests.php(169): Laravel\\Lumen\\Application->handleFoundRoute(Array)
#14 C:\\Users\\hanif\\Documents\\lumenapi\\vendor\\laravel\\lumen-framework\\src\\Concerns\\RoutesRequests.php(429): Laravel\\Lumen\\Application->Laravel\\Lumen\\Concerns\\{closure}(Object(Laravel\\Lumen\\Http\\Request))
#15 C:\\Users\\hanif\\Documents\\lumenapi\\vendor\\laravel\\lumen-framework\\src\\Concerns\\RoutesRequests.php(175): Laravel\\Lumen\\Application->sendThroughPipeline(Array, Object(Closure))
#16 C:\\Users\\hanif\\Documents\\lumenapi\\vendor\\laravel\\lumen-framework\\src\\Concerns\\RoutesRequests.php(112): Laravel\\Lumen\\Application->dispatch(NULL)
#17 C:\\Users\\hanif\\Documents\\lumenapi\\public\\index.php(28): Laravel\\Lumen\\Application->run()
#18 {main}
"} 
[2022-10-16 02:28:53] local.ERROR: Unable to resolve dependency [Parameter #0 [ <required> $request ]] in class Closure {"exception":"[object] (Illuminate\\Contracts\\Container\\BindingResolutionException(code: 0): Unable to resolve dependency [Parameter #0 [ <required> $request ]] in class Closure at C:\\Users\\hanif\\Documents\\lumenapi\\vendor\\illuminate\\container\\BoundMethod.php:188)
[stacktrace]
#0 C:\\Users\\hanif\\Documents\\lumenapi\\vendor\\illuminate\\container\\BoundMethod.php(124): Illuminate\\Container\\BoundMethod::addDependencyForCallParameter(Object(Laravel\\Lumen\\Application), Object(ReflectionParameter), Array, Array)
#1 C:\\Users\\hanif\\Documents\\lumenapi\\vendor\\illuminate\\container\\BoundMethod.php(36): Illuminate\\Container\\BoundMethod::getMethodDependencies(Object(Laravel\\Lumen\\Application), Object(Closure), Array)
#2 C:\\Users\\hanif\\Documents\\lumenapi\\vendor\\illuminate\\container\\Util.php(41): Illuminate\\Container\\BoundMethod::Illuminate\\Container\\{closure}()
#3 C:\\Users\\hanif\\Documents\\lumenapi\\vendor\\illuminate\\container\\BoundMethod.php(81): Illuminate\\Container\\Util::unwrapIfClosure(Object(Closure))
#4 C:\\Users\\hanif\\Documents\\lumenapi\\vendor\\illuminate\\container\\BoundMethod.php(37): Illuminate\\Container\\BoundMethod::callBoundMethod(Object(Laravel\\Lumen\\Application), Object(Closure), Object(Closure))
#5 C:\\Users\\hanif\\Documents\\lumenapi\\vendor\\illuminate\\container\\Container.php(651): Illuminate\\Container\\BoundMethod::call(Object(Laravel\\Lumen\\Application), Object(Closure), Array, NULL)
#6 C:\\Users\\hanif\\Documents\\lumenapi\\vendor\\laravel\\lumen-framework\\src\\Concerns\\RoutesRequests.php(302): Illuminate\\Container\\Container->call(Object(Closure), Array)
#7 C:\\Users\\hanif\\Documents\\lumenapi\\vendor\\laravel\\lumen-framework\\src\\Concerns\\RoutesRequests.php(267): Laravel\\Lumen\\Application->callActionOnArrayBasedRoute(Array)
#8 C:\\Users\\hanif\\Documents\\lumenapi\\vendor\\laravel\\lumen-framework\\src\\Concerns\\RoutesRequests.php(169): Laravel\\Lumen\\Application->handleFoundRoute(Array)
#9 C:\\Users\\hanif\\Documents\\lumenapi\\vendor\\laravel\\lumen-framework\\src\\Concerns\\RoutesRequests.php(429): Laravel\\Lumen\\Application->Laravel\\Lumen\\Concerns\\{closure}(Object(Laravel\\Lumen\\Http\\Request))
#10 C:\\Users\\hanif\\Documents\\lumenapi\\vendor\\laravel\\lumen-framework\\src\\Concerns\\RoutesRequests.php(175): Laravel\\Lumen\\Application->sendThroughPipeline(Array, Object(Closure))
#11 C:\\Users\\hanif\\Documents\\lumenapi\\vendor\\laravel\\lumen-framework\\src\\Concerns\\RoutesRequests.php(112): Laravel\\Lumen\\Application->dispatch(NULL)
#12 C:\\Users\\hanif\\Documents\\lumenapi\\public\\index.php(28): Laravel\\Lumen\\Application->run()
#13 {main}
"} 
[2022-10-16 02:29:36] local.ERROR: Target class [Request] does not exist. {"exception":"[object] (Illuminate\\Contracts\\Container\\BindingResolutionException(code: 0): Target class [Request] does not exist. at C:\\Users\\hanif\\Documents\\lumenapi\\vendor\\illuminate\\container\\Container.php:877)
[stacktrace]
#0 C:\\Users\\hanif\\Documents\\lumenapi\\vendor\\illuminate\\container\\Container.php(756): Illuminate\\Container\\Container->build('Request')
#1 C:\\Users\\hanif\\Documents\\lumenapi\\vendor\\illuminate\\container\\Container.php(692): Illuminate\\Container\\Container->resolve('Request', Array)
#2 C:\\Users\\hanif\\Documents\\lumenapi\\vendor\\laravel\\lumen-framework\\src\\Application.php(300): Illuminate\\Container\\Container->make('Request', Array)
#3 C:\\Users\\hanif\\Documents\\lumenapi\\vendor\\illuminate\\container\\BoundMethod.php(181): Laravel\\Lumen\\Application->make('Request')
#4 C:\\Users\\hanif\\Documents\\lumenapi\\vendor\\illuminate\\container\\BoundMethod.php(124): Illuminate\\Container\\BoundMethod::addDependencyForCallParameter(Object(Laravel\\Lumen\\Application), Object(ReflectionParameter), Array, Array)
#5 C:\\Users\\hanif\\Documents\\lumenapi\\vendor\\illuminate\\container\\BoundMethod.php(36): Illuminate\\Container\\BoundMethod::getMethodDependencies(Object(Laravel\\Lumen\\Application), Object(Closure), Array)
#6 C:\\Users\\hanif\\Documents\\lumenapi\\vendor\\illuminate\\container\\Util.php(41): Illuminate\\Container\\BoundMethod::Illuminate\\Container\\{closure}()
#7 C:\\Users\\hanif\\Documents\\lumenapi\\vendor\\illuminate\\container\\BoundMethod.php(81): Illuminate\\Container\\Util::unwrapIfClosure(Object(Closure))
#8 C:\\Users\\hanif\\Documents\\lumenapi\\vendor\\illuminate\\container\\BoundMethod.php(37): Illuminate\\Container\\BoundMethod::callBoundMethod(Object(Laravel\\Lumen\\Application), Object(Closure), Object(Closure))
#9 C:\\Users\\hanif\\Documents\\lumenapi\\vendor\\illuminate\\container\\Container.php(651): Illuminate\\Container\\BoundMethod::call(Object(Laravel\\Lumen\\Application), Object(Closure), Array, NULL)
#10 C:\\Users\\hanif\\Documents\\lumenapi\\vendor\\laravel\\lumen-framework\\src\\Concerns\\RoutesRequests.php(302): Illuminate\\Container\\Container->call(Object(Closure), Array)
#11 C:\\Users\\hanif\\Documents\\lumenapi\\vendor\\laravel\\lumen-framework\\src\\Concerns\\RoutesRequests.php(267): Laravel\\Lumen\\Application->callActionOnArrayBasedRoute(Array)
#12 C:\\Users\\hanif\\Documents\\lumenapi\\vendor\\laravel\\lumen-framework\\src\\Concerns\\RoutesRequests.php(169): Laravel\\Lumen\\Application->handleFoundRoute(Array)
#13 C:\\Users\\hanif\\Documents\\lumenapi\\vendor\\laravel\\lumen-framework\\src\\Concerns\\RoutesRequests.php(429): Laravel\\Lumen\\Application->Laravel\\Lumen\\Concerns\\{closure}(Object(Laravel\\Lumen\\Http\\Request))
#14 C:\\Users\\hanif\\Documents\\lumenapi\\vendor\\laravel\\lumen-framework\\src\\Concerns\\RoutesRequests.php(175): Laravel\\Lumen\\Application->sendThroughPipeline(Array, Object(Closure))
#15 C:\\Users\\hanif\\Documents\\lumenapi\\vendor\\laravel\\lumen-framework\\src\\Concerns\\RoutesRequests.php(112): Laravel\\Lumen\\Application->dispatch(NULL)
#16 C:\\Users\\hanif\\Documents\\lumenapi\\public\\index.php(28): Laravel\\Lumen\\Application->run()
#17 {main}

[previous exception] [object] (ReflectionException(code: -1): Class \"Request\" does not exist at C:\\Users\\hanif\\Documents\\lumenapi\\vendor\\illuminate\\container\\Container.php:875)
[stacktrace]
#0 C:\\Users\\hanif\\Documents\\lumenapi\\vendor\\illuminate\\container\\Container.php(875): ReflectionClass->__construct('Request')
#1 C:\\Users\\hanif\\Documents\\lumenapi\\vendor\\illuminate\\container\\Container.php(756): Illuminate\\Container\\Container->build('Request')
#2 C:\\Users\\hanif\\Documents\\lumenapi\\vendor\\illuminate\\container\\Container.php(692): Illuminate\\Container\\Container->resolve('Request', Array)
#3 C:\\Users\\hanif\\Documents\\lumenapi\\vendor\\laravel\\lumen-framework\\src\\Application.php(300): Illuminate\\Container\\Container->make('Request', Array)
#4 C:\\Users\\hanif\\Documents\\lumenapi\\vendor\\illuminate\\container\\BoundMethod.php(181): Laravel\\Lumen\\Application->make('Request')
#5 C:\\Users\\hanif\\Documents\\lumenapi\\vendor\\illuminate\\container\\BoundMethod.php(124): Illuminate\\Container\\BoundMethod::addDependencyForCallParameter(Object(Laravel\\Lumen\\Application), Object(ReflectionParameter), Array, Array)
#6 C:\\Users\\hanif\\Documents\\lumenapi\\vendor\\illuminate\\container\\BoundMethod.php(36): Illuminate\\Container\\BoundMethod::getMethodDependencies(Object(Laravel\\Lumen\\Application), Object(Closure), Array)
#7 C:\\Users\\hanif\\Documents\\lumenapi\\vendor\\illuminate\\container\\Util.php(41): Illuminate\\Container\\BoundMethod::Illuminate\\Container\\{closure}()
#8 C:\\Users\\hanif\\Documents\\lumenapi\\vendor\\illuminate\\container\\BoundMethod.php(81): Illuminate\\Container\\Util::unwrapIfClosure(Object(Closure))
#9 C:\\Users\\hanif\\Documents\\lumenapi\\vendor\\illuminate\\container\\BoundMethod.php(37): Illuminate\\Container\\BoundMethod::callBoundMethod(Object(Laravel\\Lumen\\Application), Object(Closure), Object(Closure))
#10 C:\\Users\\hanif\\Documents\\lumenapi\\vendor\\illuminate\\container\\Container.php(651): Illuminate\\Container\\BoundMethod::call(Object(Laravel\\Lumen\\Application), Object(Closure), Array, NULL)
#11 C:\\Users\\hanif\\Documents\\lumenapi\\vendor\\laravel\\lumen-framework\\src\\Concerns\\RoutesRequests.php(302): Illuminate\\Container\\Container->call(Object(Closure), Array)
#12 C:\\Users\\hanif\\Documents\\lumenapi\\vendor\\laravel\\lumen-framework\\src\\Concerns\\RoutesRequests.php(267): Laravel\\Lumen\\Application->callActionOnArrayBasedRoute(Array)
#13 C:\\Users\\hanif\\Documents\\lumenapi\\vendor\\laravel\\lumen-framework\\src\\Concerns\\RoutesRequests.php(169): Laravel\\Lumen\\Application->handleFoundRoute(Array)
#14 C:\\Users\\hanif\\Documents\\lumenapi\\vendor\\laravel\\lumen-framework\\src\\Concerns\\RoutesRequests.php(429): Laravel\\Lumen\\Application->Laravel\\Lumen\\Concerns\\{closure}(Object(Laravel\\Lumen\\Http\\Request))
#15 C:\\Users\\hanif\\Documents\\lumenapi\\vendor\\laravel\\lumen-framework\\src\\Concerns\\RoutesRequests.php(175): Laravel\\Lumen\\Application->sendThroughPipeline(Array, Object(Closure))
#16 C:\\Users\\hanif\\Documents\\lumenapi\\vendor\\laravel\\lumen-framework\\src\\Concerns\\RoutesRequests.php(112): Laravel\\Lumen\\Application->dispatch(NULL)
#17 C:\\Users\\hanif\\Documents\\lumenapi\\public\\index.php(28): Laravel\\Lumen\\Application->run()
#18 {main}
"} 
[2022-10-16 02:29:38] local.ERROR: Target class [Request] does not exist. {"exception":"[object] (Illuminate\\Contracts\\Container\\BindingResolutionException(code: 0): Target class [Request] does not exist. at C:\\Users\\hanif\\Documents\\lumenapi\\vendor\\illuminate\\container\\Container.php:877)
[stacktrace]
#0 C:\\Users\\hanif\\Documents\\lumenapi\\vendor\\illuminate\\container\\Container.php(756): Illuminate\\Container\\Container->build('Request')
#1 C:\\Users\\hanif\\Documents\\lumenapi\\vendor\\illuminate\\container\\Container.php(692): Illuminate\\Container\\Container->resolve('Request', Array)
#2 C:\\Users\\hanif\\Documents\\lumenapi\\vendor\\laravel\\lumen-framework\\src\\Application.php(300): Illuminate\\Container\\Container->make('Request', Array)
#3 C:\\Users\\hanif\\Documents\\lumenapi\\vendor\\illuminate\\container\\BoundMethod.php(181): Laravel\\Lumen\\Application->make('Request')
#4 C:\\Users\\hanif\\Documents\\lumenapi\\vendor\\illuminate\\container\\BoundMethod.php(124): Illuminate\\Container\\BoundMethod::addDependencyForCallParameter(Object(Laravel\\Lumen\\Application), Object(ReflectionParameter), Array, Array)
#5 C:\\Users\\hanif\\Documents\\lumenapi\\vendor\\illuminate\\container\\BoundMethod.php(36): Illuminate\\Container\\BoundMethod::getMethodDependencies(Object(Laravel\\Lumen\\Application), Object(Closure), Array)
#6 C:\\Users\\hanif\\Documents\\lumenapi\\vendor\\illuminate\\container\\Util.php(41): Illuminate\\Container\\BoundMethod::Illuminate\\Container\\{closure}()
#7 C:\\Users\\hanif\\Documents\\lumenapi\\vendor\\illuminate\\container\\BoundMethod.php(81): Illuminate\\Container\\Util::unwrapIfClosure(Object(Closure))
#8 C:\\Users\\hanif\\Documents\\lumenapi\\vendor\\illuminate\\container\\BoundMethod.php(37): Illuminate\\Container\\BoundMethod::callBoundMethod(Object(Laravel\\Lumen\\Application), Object(Closure), Object(Closure))
#9 C:\\Users\\hanif\\Documents\\lumenapi\\vendor\\illuminate\\container\\Container.php(651): Illuminate\\Container\\BoundMethod::call(Object(Laravel\\Lumen\\Application), Object(Closure), Array, NULL)
#10 C:\\Users\\hanif\\Documents\\lumenapi\\vendor\\laravel\\lumen-framework\\src\\Concerns\\RoutesRequests.php(302): Illuminate\\Container\\Container->call(Object(Closure), Array)
#11 C:\\Users\\hanif\\Documents\\lumenapi\\vendor\\laravel\\lumen-framework\\src\\Concerns\\RoutesRequests.php(267): Laravel\\Lumen\\Application->callActionOnArrayBasedRoute(Array)
#12 C:\\Users\\hanif\\Documents\\lumenapi\\vendor\\laravel\\lumen-framework\\src\\Concerns\\RoutesRequests.php(169): Laravel\\Lumen\\Application->handleFoundRoute(Array)
#13 C:\\Users\\hanif\\Documents\\lumenapi\\vendor\\laravel\\lumen-framework\\src\\Concerns\\RoutesRequests.php(429): Laravel\\Lumen\\Application->Laravel\\Lumen\\Concerns\\{closure}(Object(Laravel\\Lumen\\Http\\Request))
#14 C:\\Users\\hanif\\Documents\\lumenapi\\vendor\\laravel\\lumen-framework\\src\\Concerns\\RoutesRequests.php(175): Laravel\\Lumen\\Application->sendThroughPipeline(Array, Object(Closure))
#15 C:\\Users\\hanif\\Documents\\lumenapi\\vendor\\laravel\\lumen-framework\\src\\Concerns\\RoutesRequests.php(112): Laravel\\Lumen\\Application->dispatch(NULL)
#16 C:\\Users\\hanif\\Documents\\lumenapi\\public\\index.php(28): Laravel\\Lumen\\Application->run()
#17 {main}

[previous exception] [object] (ReflectionException(code: -1): Class \"Request\" does not exist at C:\\Users\\hanif\\Documents\\lumenapi\\vendor\\illuminate\\container\\Container.php:875)
[stacktrace]
#0 C:\\Users\\hanif\\Documents\\lumenapi\\vendor\\illuminate\\container\\Container.php(875): ReflectionClass->__construct('Request')
#1 C:\\Users\\hanif\\Documents\\lumenapi\\vendor\\illuminate\\container\\Container.php(756): Illuminate\\Container\\Container->build('Request')
#2 C:\\Users\\hanif\\Documents\\lumenapi\\vendor\\illuminate\\container\\Container.php(692): Illuminate\\Container\\Container->resolve('Request', Array)
#3 C:\\Users\\hanif\\Documents\\lumenapi\\vendor\\laravel\\lumen-framework\\src\\Application.php(300): Illuminate\\Container\\Container->make('Request', Array)
#4 C:\\Users\\hanif\\Documents\\lumenapi\\vendor\\illuminate\\container\\BoundMethod.php(181): Laravel\\Lumen\\Application->make('Request')
#5 C:\\Users\\hanif\\Documents\\lumenapi\\vendor\\illuminate\\container\\BoundMethod.php(124): Illuminate\\Container\\BoundMethod::addDependencyForCallParameter(Object(Laravel\\Lumen\\Application), Object(ReflectionParameter), Array, Array)
#6 C:\\Users\\hanif\\Documents\\lumenapi\\vendor\\illuminate\\container\\BoundMethod.php(36): Illuminate\\Container\\BoundMethod::getMethodDependencies(Object(Laravel\\Lumen\\Application), Object(Closure), Array)
#7 C:\\Users\\hanif\\Documents\\lumenapi\\vendor\\illuminate\\container\\Util.php(41): Illuminate\\Container\\BoundMethod::Illuminate\\Container\\{closure}()
#8 C:\\Users\\hanif\\Documents\\lumenapi\\vendor\\illuminate\\container\\BoundMethod.php(81): Illuminate\\Container\\Util::unwrapIfClosure(Object(Closure))
#9 C:\\Users\\hanif\\Documents\\lumenapi\\vendor\\illuminate\\container\\BoundMethod.php(37): Illuminate\\Container\\BoundMethod::callBoundMethod(Object(Laravel\\Lumen\\Application), Object(Closure), Object(Closure))
#10 C:\\Users\\hanif\\Documents\\lumenapi\\vendor\\illuminate\\container\\Container.php(651): Illuminate\\Container\\BoundMethod::call(Object(Laravel\\Lumen\\Application), Object(Closure), Array, NULL)
#11 C:\\Users\\hanif\\Documents\\lumenapi\\vendor\\laravel\\lumen-framework\\src\\Concerns\\RoutesRequests.php(302): Illuminate\\Container\\Container->call(Object(Closure), Array)
#12 C:\\Users\\hanif\\Documents\\lumenapi\\vendor\\laravel\\lumen-framework\\src\\Concerns\\RoutesRequests.php(267): Laravel\\Lumen\\Application->callActionOnArrayBasedRoute(Array)
#13 C:\\Users\\hanif\\Documents\\lumenapi\\vendor\\laravel\\lumen-framework\\src\\Concerns\\RoutesRequests.php(169): Laravel\\Lumen\\Application->handleFoundRoute(Array)
#14 C:\\Users\\hanif\\Documents\\lumenapi\\vendor\\laravel\\lumen-framework\\src\\Concerns\\RoutesRequests.php(429): Laravel\\Lumen\\Application->Laravel\\Lumen\\Concerns\\{closure}(Object(Laravel\\Lumen\\Http\\Request))
#15 C:\\Users\\hanif\\Documents\\lumenapi\\vendor\\laravel\\lumen-framework\\src\\Concerns\\RoutesRequests.php(175): Laravel\\Lumen\\Application->sendThroughPipeline(Array, Object(Closure))
#16 C:\\Users\\hanif\\Documents\\lumenapi\\vendor\\laravel\\lumen-framework\\src\\Concerns\\RoutesRequests.php(112): Laravel\\Lumen\\Application->dispatch(NULL)
#17 C:\\Users\\hanif\\Documents\\lumenapi\\public\\index.php(28): Laravel\\Lumen\\Application->run()
#18 {main}
"} 
[2022-10-16 02:30:26] local.ERROR: Target class [Request] does not exist. {"exception":"[object] (Illuminate\\Contracts\\Container\\BindingResolutionException(code: 0): Target class [Request] does not exist. at C:\\Users\\hanif\\Documents\\lumenapi\\vendor\\illuminate\\container\\Container.php:877)
[stacktrace]
#0 C:\\Users\\hanif\\Documents\\lumenapi\\vendor\\illuminate\\container\\Container.php(756): Illuminate\\Container\\Container->build('Request')
#1 C:\\Users\\hanif\\Documents\\lumenapi\\vendor\\illuminate\\container\\Container.php(692): Illuminate\\Container\\Container->resolve('Request', Array)
#2 C:\\Users\\hanif\\Documents\\lumenapi\\vendor\\laravel\\lumen-framework\\src\\Application.php(300): Illuminate\\Container\\Container->make('Request', Array)
#3 C:\\Users\\hanif\\Documents\\lumenapi\\vendor\\illuminate\\container\\BoundMethod.php(181): Laravel\\Lumen\\Application->make('Request')
#4 C:\\Users\\hanif\\Documents\\lumenapi\\vendor\\illuminate\\container\\BoundMethod.php(124): Illuminate\\Container\\BoundMethod::addDependencyForCallParameter(Object(Laravel\\Lumen\\Application), Object(ReflectionParameter), Array, Array)
#5 C:\\Users\\hanif\\Documents\\lumenapi\\vendor\\illuminate\\container\\BoundMethod.php(36): Illuminate\\Container\\BoundMethod::getMethodDependencies(Object(Laravel\\Lumen\\Application), Object(Closure), Array)
#6 C:\\Users\\hanif\\Documents\\lumenapi\\vendor\\illuminate\\container\\Util.php(41): Illuminate\\Container\\BoundMethod::Illuminate\\Container\\{closure}()
#7 C:\\Users\\hanif\\Documents\\lumenapi\\vendor\\illuminate\\container\\BoundMethod.php(81): Illuminate\\Container\\Util::unwrapIfClosure(Object(Closure))
#8 C:\\Users\\hanif\\Documents\\lumenapi\\vendor\\illuminate\\container\\BoundMethod.php(37): Illuminate\\Container\\BoundMethod::callBoundMethod(Object(Laravel\\Lumen\\Application), Object(Closure), Object(Closure))
#9 C:\\Users\\hanif\\Documents\\lumenapi\\vendor\\illuminate\\container\\Container.php(651): Illuminate\\Container\\BoundMethod::call(Object(Laravel\\Lumen\\Application), Object(Closure), Array, NULL)
#10 C:\\Users\\hanif\\Documents\\lumenapi\\vendor\\laravel\\lumen-framework\\src\\Concerns\\RoutesRequests.php(302): Illuminate\\Container\\Container->call(Object(Closure), Array)
#11 C:\\Users\\hanif\\Documents\\lumenapi\\vendor\\laravel\\lumen-framework\\src\\Concerns\\RoutesRequests.php(267): Laravel\\Lumen\\Application->callActionOnArrayBasedRoute(Array)
#12 C:\\Users\\hanif\\Documents\\lumenapi\\vendor\\laravel\\lumen-framework\\src\\Concerns\\RoutesRequests.php(169): Laravel\\Lumen\\Application->handleFoundRoute(Array)
#13 C:\\Users\\hanif\\Documents\\lumenapi\\vendor\\laravel\\lumen-framework\\src\\Concerns\\RoutesRequests.php(429): Laravel\\Lumen\\Application->Laravel\\Lumen\\Concerns\\{closure}(Object(Laravel\\Lumen\\Http\\Request))
#14 C:\\Users\\hanif\\Documents\\lumenapi\\vendor\\laravel\\lumen-framework\\src\\Concerns\\RoutesRequests.php(175): Laravel\\Lumen\\Application->sendThroughPipeline(Array, Object(Closure))
#15 C:\\Users\\hanif\\Documents\\lumenapi\\vendor\\laravel\\lumen-framework\\src\\Concerns\\RoutesRequests.php(112): Laravel\\Lumen\\Application->dispatch(NULL)
#16 C:\\Users\\hanif\\Documents\\lumenapi\\public\\index.php(28): Laravel\\Lumen\\Application->run()
#17 {main}

[previous exception] [object] (ReflectionException(code: -1): Class \"Request\" does not exist at C:\\Users\\hanif\\Documents\\lumenapi\\vendor\\illuminate\\container\\Container.php:875)
[stacktrace]
#0 C:\\Users\\hanif\\Documents\\lumenapi\\vendor\\illuminate\\container\\Container.php(875): ReflectionClass->__construct('Request')
#1 C:\\Users\\hanif\\Documents\\lumenapi\\vendor\\illuminate\\container\\Container.php(756): Illuminate\\Container\\Container->build('Request')
#2 C:\\Users\\hanif\\Documents\\lumenapi\\vendor\\illuminate\\container\\Container.php(692): Illuminate\\Container\\Container->resolve('Request', Array)
#3 C:\\Users\\hanif\\Documents\\lumenapi\\vendor\\laravel\\lumen-framework\\src\\Application.php(300): Illuminate\\Container\\Container->make('Request', Array)
#4 C:\\Users\\hanif\\Documents\\lumenapi\\vendor\\illuminate\\container\\BoundMethod.php(181): Laravel\\Lumen\\Application->make('Request')
#5 C:\\Users\\hanif\\Documents\\lumenapi\\vendor\\illuminate\\container\\BoundMethod.php(124): Illuminate\\Container\\BoundMethod::addDependencyForCallParameter(Object(Laravel\\Lumen\\Application), Object(ReflectionParameter), Array, Array)
#6 C:\\Users\\hanif\\Documents\\lumenapi\\vendor\\illuminate\\container\\BoundMethod.php(36): Illuminate\\Container\\BoundMethod::getMethodDependencies(Object(Laravel\\Lumen\\Application), Object(Closure), Array)
#7 C:\\Users\\hanif\\Documents\\lumenapi\\vendor\\illuminate\\container\\Util.php(41): Illuminate\\Container\\BoundMethod::Illuminate\\Container\\{closure}()
#8 C:\\Users\\hanif\\Documents\\lumenapi\\vendor\\illuminate\\container\\BoundMethod.php(81): Illuminate\\Container\\Util::unwrapIfClosure(Object(Closure))
#9 C:\\Users\\hanif\\Documents\\lumenapi\\vendor\\illuminate\\container\\BoundMethod.php(37): Illuminate\\Container\\BoundMethod::callBoundMethod(Object(Laravel\\Lumen\\Application), Object(Closure), Object(Closure))
#10 C:\\Users\\hanif\\Documents\\lumenapi\\vendor\\illuminate\\container\\Container.php(651): Illuminate\\Container\\BoundMethod::call(Object(Laravel\\Lumen\\Application), Object(Closure), Array, NULL)
#11 C:\\Users\\hanif\\Documents\\lumenapi\\vendor\\laravel\\lumen-framework\\src\\Concerns\\RoutesRequests.php(302): Illuminate\\Container\\Container->call(Object(Closure), Array)
#12 C:\\Users\\hanif\\Documents\\lumenapi\\vendor\\laravel\\lumen-framework\\src\\Concerns\\RoutesRequests.php(267): Laravel\\Lumen\\Application->callActionOnArrayBasedRoute(Array)
#13 C:\\Users\\hanif\\Documents\\lumenapi\\vendor\\laravel\\lumen-framework\\src\\Concerns\\RoutesRequests.php(169): Laravel\\Lumen\\Application->handleFoundRoute(Array)
#14 C:\\Users\\hanif\\Documents\\lumenapi\\vendor\\laravel\\lumen-framework\\src\\Concerns\\RoutesRequests.php(429): Laravel\\Lumen\\Application->Laravel\\Lumen\\Concerns\\{closure}(Object(Laravel\\Lumen\\Http\\Request))
#15 C:\\Users\\hanif\\Documents\\lumenapi\\vendor\\laravel\\lumen-framework\\src\\Concerns\\RoutesRequests.php(175): Laravel\\Lumen\\Application->sendThroughPipeline(Array, Object(Closure))
#16 C:\\Users\\hanif\\Documents\\lumenapi\\vendor\\laravel\\lumen-framework\\src\\Concerns\\RoutesRequests.php(112): Laravel\\Lumen\\Application->dispatch(NULL)
#17 C:\\Users\\hanif\\Documents\\lumenapi\\public\\index.php(28): Laravel\\Lumen\\Application->run()
#18 {main}
"} 
[2022-10-16 02:31:10] local.ERROR: Target class [Request] does not exist. {"exception":"[object] (Illuminate\\Contracts\\Container\\BindingResolutionException(code: 0): Target class [Request] does not exist. at C:\\Users\\hanif\\Documents\\lumenapi\\vendor\\illuminate\\container\\Container.php:877)
[stacktrace]
#0 C:\\Users\\hanif\\Documents\\lumenapi\\vendor\\illuminate\\container\\Container.php(756): Illuminate\\Container\\Container->build('Request')
#1 C:\\Users\\hanif\\Documents\\lumenapi\\vendor\\illuminate\\container\\Container.php(692): Illuminate\\Container\\Container->resolve('Request', Array)
#2 C:\\Users\\hanif\\Documents\\lumenapi\\vendor\\laravel\\lumen-framework\\src\\Application.php(300): Illuminate\\Container\\Container->make('Request', Array)
#3 C:\\Users\\hanif\\Documents\\lumenapi\\vendor\\illuminate\\container\\BoundMethod.php(181): Laravel\\Lumen\\Application->make('Request')
#4 C:\\Users\\hanif\\Documents\\lumenapi\\vendor\\illuminate\\container\\BoundMethod.php(124): Illuminate\\Container\\BoundMethod::addDependencyForCallParameter(Object(Laravel\\Lumen\\Application), Object(ReflectionParameter), Array, Array)
#5 C:\\Users\\hanif\\Documents\\lumenapi\\vendor\\illuminate\\container\\BoundMethod.php(36): Illuminate\\Container\\BoundMethod::getMethodDependencies(Object(Laravel\\Lumen\\Application), Object(Closure), Array)
#6 C:\\Users\\hanif\\Documents\\lumenapi\\vendor\\illuminate\\container\\Util.php(41): Illuminate\\Container\\BoundMethod::Illuminate\\Container\\{closure}()
#7 C:\\Users\\hanif\\Documents\\lumenapi\\vendor\\illuminate\\container\\BoundMethod.php(81): Illuminate\\Container\\Util::unwrapIfClosure(Object(Closure))
#8 C:\\Users\\hanif\\Documents\\lumenapi\\vendor\\illuminate\\container\\BoundMethod.php(37): Illuminate\\Container\\BoundMethod::callBoundMethod(Object(Laravel\\Lumen\\Application), Object(Closure), Object(Closure))
#9 C:\\Users\\hanif\\Documents\\lumenapi\\vendor\\illuminate\\container\\Container.php(651): Illuminate\\Container\\BoundMethod::call(Object(Laravel\\Lumen\\Application), Object(Closure), Array, NULL)
#10 C:\\Users\\hanif\\Documents\\lumenapi\\vendor\\laravel\\lumen-framework\\src\\Concerns\\RoutesRequests.php(302): Illuminate\\Container\\Container->call(Object(Closure), Array)
#11 C:\\Users\\hanif\\Documents\\lumenapi\\vendor\\laravel\\lumen-framework\\src\\Concerns\\RoutesRequests.php(267): Laravel\\Lumen\\Application->callActionOnArrayBasedRoute(Array)
#12 C:\\Users\\hanif\\Documents\\lumenapi\\vendor\\laravel\\lumen-framework\\src\\Concerns\\RoutesRequests.php(169): Laravel\\Lumen\\Application->handleFoundRoute(Array)
#13 C:\\Users\\hanif\\Documents\\lumenapi\\vendor\\laravel\\lumen-framework\\src\\Concerns\\RoutesRequests.php(429): Laravel\\Lumen\\Application->Laravel\\Lumen\\Concerns\\{closure}(Object(Laravel\\Lumen\\Http\\Request))
#14 C:\\Users\\hanif\\Documents\\lumenapi\\vendor\\laravel\\lumen-framework\\src\\Concerns\\RoutesRequests.php(175): Laravel\\Lumen\\Application->sendThroughPipeline(Array, Object(Closure))
#15 C:\\Users\\hanif\\Documents\\lumenapi\\vendor\\laravel\\lumen-framework\\src\\Concerns\\RoutesRequests.php(112): Laravel\\Lumen\\Application->dispatch(NULL)
#16 C:\\Users\\hanif\\Documents\\lumenapi\\public\\index.php(28): Laravel\\Lumen\\Application->run()
#17 {main}

[previous exception] [object] (ReflectionException(code: -1): Class \"Request\" does not exist at C:\\Users\\hanif\\Documents\\lumenapi\\vendor\\illuminate\\container\\Container.php:875)
[stacktrace]
#0 C:\\Users\\hanif\\Documents\\lumenapi\\vendor\\illuminate\\container\\Container.php(875): ReflectionClass->__construct('Request')
#1 C:\\Users\\hanif\\Documents\\lumenapi\\vendor\\illuminate\\container\\Container.php(756): Illuminate\\Container\\Container->build('Request')
#2 C:\\Users\\hanif\\Documents\\lumenapi\\vendor\\illuminate\\container\\Container.php(692): Illuminate\\Container\\Container->resolve('Request', Array)
#3 C:\\Users\\hanif\\Documents\\lumenapi\\vendor\\laravel\\lumen-framework\\src\\Application.php(300): Illuminate\\Container\\Container->make('Request', Array)
#4 C:\\Users\\hanif\\Documents\\lumenapi\\vendor\\illuminate\\container\\BoundMethod.php(181): Laravel\\Lumen\\Application->make('Request')
#5 C:\\Users\\hanif\\Documents\\lumenapi\\vendor\\illuminate\\container\\BoundMethod.php(124): Illuminate\\Container\\BoundMethod::addDependencyForCallParameter(Object(Laravel\\Lumen\\Application), Object(ReflectionParameter), Array, Array)
#6 C:\\Users\\hanif\\Documents\\lumenapi\\vendor\\illuminate\\container\\BoundMethod.php(36): Illuminate\\Container\\BoundMethod::getMethodDependencies(Object(Laravel\\Lumen\\Application), Object(Closure), Array)
#7 C:\\Users\\hanif\\Documents\\lumenapi\\vendor\\illuminate\\container\\Util.php(41): Illuminate\\Container\\BoundMethod::Illuminate\\Container\\{closure}()
#8 C:\\Users\\hanif\\Documents\\lumenapi\\vendor\\illuminate\\container\\BoundMethod.php(81): Illuminate\\Container\\Util::unwrapIfClosure(Object(Closure))
#9 C:\\Users\\hanif\\Documents\\lumenapi\\vendor\\illuminate\\container\\BoundMethod.php(37): Illuminate\\Container\\BoundMethod::callBoundMethod(Object(Laravel\\Lumen\\Application), Object(Closure), Object(Closure))
#10 C:\\Users\\hanif\\Documents\\lumenapi\\vendor\\illuminate\\container\\Container.php(651): Illuminate\\Container\\BoundMethod::call(Object(Laravel\\Lumen\\Application), Object(Closure), Array, NULL)
#11 C:\\Users\\hanif\\Documents\\lumenapi\\vendor\\laravel\\lumen-framework\\src\\Concerns\\RoutesRequests.php(302): Illuminate\\Container\\Container->call(Object(Closure), Array)
#12 C:\\Users\\hanif\\Documents\\lumenapi\\vendor\\laravel\\lumen-framework\\src\\Concerns\\RoutesRequests.php(267): Laravel\\Lumen\\Application->callActionOnArrayBasedRoute(Array)
#13 C:\\Users\\hanif\\Documents\\lumenapi\\vendor\\laravel\\lumen-framework\\src\\Concerns\\RoutesRequests.php(169): Laravel\\Lumen\\Application->handleFoundRoute(Array)
#14 C:\\Users\\hanif\\Documents\\lumenapi\\vendor\\laravel\\lumen-framework\\src\\Concerns\\RoutesRequests.php(429): Laravel\\Lumen\\Application->Laravel\\Lumen\\Concerns\\{closure}(Object(Laravel\\Lumen\\Http\\Request))
#15 C:\\Users\\hanif\\Documents\\lumenapi\\vendor\\laravel\\lumen-framework\\src\\Concerns\\RoutesRequests.php(175): Laravel\\Lumen\\Application->sendThroughPipeline(Array, Object(Closure))
#16 C:\\Users\\hanif\\Documents\\lumenapi\\vendor\\laravel\\lumen-framework\\src\\Concerns\\RoutesRequests.php(112): Laravel\\Lumen\\Application->dispatch(NULL)
#17 C:\\Users\\hanif\\Documents\\lumenapi\\public\\index.php(28): Laravel\\Lumen\\Application->run()
#18 {main}
"} 
[2022-10-16 02:36:12] local.ERROR: Cannot register two routes matching "/users" for method "GET" {"exception":"[object] (FastRoute\\BadRouteException(code: 0): Cannot register two routes matching \"/users\" for method \"GET\" at C:\\Users\\hanif\\Documents\\lumenapi\\vendor\\nikic\\fast-route\\src\\DataGenerator\\RegexBasedAbstract.php:86)
[stacktrace]
#0 C:\\Users\\hanif\\Documents\\lumenapi\\vendor\\nikic\\fast-route\\src\\DataGenerator\\RegexBasedAbstract.php(30): FastRoute\\DataGenerator\\RegexBasedAbstract->addStaticRoute('GET', Array, Array)
#1 C:\\Users\\hanif\\Documents\\lumenapi\\vendor\\nikic\\fast-route\\src\\RouteCollector.php(44): FastRoute\\DataGenerator\\RegexBasedAbstract->addRoute('GET', Array, Array)
#2 C:\\Users\\hanif\\Documents\\lumenapi\\vendor\\laravel\\lumen-framework\\src\\Concerns\\RoutesRequests.php(207): FastRoute\\RouteCollector->addRoute('GET', '/users', Array)
#3 C:\\Users\\hanif\\Documents\\lumenapi\\vendor\\nikic\\fast-route\\src\\functions.php(25): Laravel\\Lumen\\Application->Laravel\\Lumen\\Concerns\\{closure}(Object(FastRoute\\RouteCollector))
#4 C:\\Users\\hanif\\Documents\\lumenapi\\vendor\\laravel\\lumen-framework\\src\\Concerns\\RoutesRequests.php(209): FastRoute\\simpleDispatcher(Object(Closure))
#5 C:\\Users\\hanif\\Documents\\lumenapi\\vendor\\laravel\\lumen-framework\\src\\Concerns\\RoutesRequests.php(173): Laravel\\Lumen\\Application->createDispatcher()
#6 C:\\Users\\hanif\\Documents\\lumenapi\\vendor\\laravel\\lumen-framework\\src\\Concerns\\RoutesRequests.php(429): Laravel\\Lumen\\Application->Laravel\\Lumen\\Concerns\\{closure}(Object(Laravel\\Lumen\\Http\\Request))
#7 C:\\Users\\hanif\\Documents\\lumenapi\\vendor\\laravel\\lumen-framework\\src\\Concerns\\RoutesRequests.php(175): Laravel\\Lumen\\Application->sendThroughPipeline(Array, Object(Closure))
#8 C:\\Users\\hanif\\Documents\\lumenapi\\vendor\\laravel\\lumen-framework\\src\\Concerns\\RoutesRequests.php(112): Laravel\\Lumen\\Application->dispatch(NULL)
#9 C:\\Users\\hanif\\Documents\\lumenapi\\public\\index.php(28): Laravel\\Lumen\\Application->run()
#10 {main}
"} 
[2022-10-16 02:37:02] local.ERROR: Cannot register two routes matching "/users" for method "GET" {"exception":"[object] (FastRoute\\BadRouteException(code: 0): Cannot register two routes matching \"/users\" for method \"GET\" at C:\\Users\\hanif\\Documents\\lumenapi\\vendor\\nikic\\fast-route\\src\\DataGenerator\\RegexBasedAbstract.php:86)
[stacktrace]
#0 C:\\Users\\hanif\\Documents\\lumenapi\\vendor\\nikic\\fast-route\\src\\DataGenerator\\RegexBasedAbstract.php(30): FastRoute\\DataGenerator\\RegexBasedAbstract->addStaticRoute('GET', Array, Array)
#1 C:\\Users\\hanif\\Documents\\lumenapi\\vendor\\nikic\\fast-route\\src\\RouteCollector.php(44): FastRoute\\DataGenerator\\RegexBasedAbstract->addRoute('GET', Array, Array)
#2 C:\\Users\\hanif\\Documents\\lumenapi\\vendor\\laravel\\lumen-framework\\src\\Concerns\\RoutesRequests.php(207): FastRoute\\RouteCollector->addRoute('GET', '/users', Array)
#3 C:\\Users\\hanif\\Documents\\lumenapi\\vendor\\nikic\\fast-route\\src\\functions.php(25): Laravel\\Lumen\\Application->Laravel\\Lumen\\Concerns\\{closure}(Object(FastRoute\\RouteCollector))
#4 C:\\Users\\hanif\\Documents\\lumenapi\\vendor\\laravel\\lumen-framework\\src\\Concerns\\RoutesRequests.php(209): FastRoute\\simpleDispatcher(Object(Closure))
#5 C:\\Users\\hanif\\Documents\\lumenapi\\vendor\\laravel\\lumen-framework\\src\\Concerns\\RoutesRequests.php(173): Laravel\\Lumen\\Application->createDispatcher()
#6 C:\\Users\\hanif\\Documents\\lumenapi\\vendor\\laravel\\lumen-framework\\src\\Concerns\\RoutesRequests.php(429): Laravel\\Lumen\\Application->Laravel\\Lumen\\Concerns\\{closure}(Object(Laravel\\Lumen\\Http\\Request))
#7 C:\\Users\\hanif\\Documents\\lumenapi\\vendor\\laravel\\lumen-framework\\src\\Concerns\\RoutesRequests.php(175): Laravel\\Lumen\\Application->sendThroughPipeline(Array, Object(Closure))
#8 C:\\Users\\hanif\\Documents\\lumenapi\\vendor\\laravel\\lumen-framework\\src\\Concerns\\RoutesRequests.php(112): Laravel\\Lumen\\Application->dispatch(NULL)
#9 C:\\Users\\hanif\\Documents\\lumenapi\\public\\index.php(28): Laravel\\Lumen\\Application->run()
#10 {main}
"} 
[2022-10-16 02:39:22] local.ERROR: Cannot register two routes matching "/users" for method "GET" {"exception":"[object] (FastRoute\\BadRouteException(code: 0): Cannot register two routes matching \"/users\" for method \"GET\" at C:\\Users\\hanif\\Documents\\lumenapi\\vendor\\nikic\\fast-route\\src\\DataGenerator\\RegexBasedAbstract.php:86)
[stacktrace]
#0 C:\\Users\\hanif\\Documents\\lumenapi\\vendor\\nikic\\fast-route\\src\\DataGenerator\\RegexBasedAbstract.php(30): FastRoute\\DataGenerator\\RegexBasedAbstract->addStaticRoute('GET', Array, Array)
#1 C:\\Users\\hanif\\Documents\\lumenapi\\vendor\\nikic\\fast-route\\src\\RouteCollector.php(44): FastRoute\\DataGenerator\\RegexBasedAbstract->addRoute('GET', Array, Array)
#2 C:\\Users\\hanif\\Documents\\lumenapi\\vendor\\laravel\\lumen-framework\\src\\Concerns\\RoutesRequests.php(207): FastRoute\\RouteCollector->addRoute('GET', '/users', Array)
#3 C:\\Users\\hanif\\Documents\\lumenapi\\vendor\\nikic\\fast-route\\src\\functions.php(25): Laravel\\Lumen\\Application->Laravel\\Lumen\\Concerns\\{closure}(Object(FastRoute\\RouteCollector))
#4 C:\\Users\\hanif\\Documents\\lumenapi\\vendor\\laravel\\lumen-framework\\src\\Concerns\\RoutesRequests.php(209): FastRoute\\simpleDispatcher(Object(Closure))
#5 C:\\Users\\hanif\\Documents\\lumenapi\\vendor\\laravel\\lumen-framework\\src\\Concerns\\RoutesRequests.php(173): Laravel\\Lumen\\Application->createDispatcher()
#6 C:\\Users\\hanif\\Documents\\lumenapi\\vendor\\laravel\\lumen-framework\\src\\Concerns\\RoutesRequests.php(429): Laravel\\Lumen\\Application->Laravel\\Lumen\\Concerns\\{closure}(Object(Laravel\\Lumen\\Http\\Request))
#7 C:\\Users\\hanif\\Documents\\lumenapi\\vendor\\laravel\\lumen-framework\\src\\Concerns\\RoutesRequests.php(175): Laravel\\Lumen\\Application->sendThroughPipeline(Array, Object(Closure))
#8 C:\\Users\\hanif\\Documents\\lumenapi\\vendor\\laravel\\lumen-framework\\src\\Concerns\\RoutesRequests.php(112): Laravel\\Lumen\\Application->dispatch(NULL)
#9 C:\\Users\\hanif\\Documents\\lumenapi\\public\\index.php(28): Laravel\\Lumen\\Application->run()
#10 {main}
"} 
[2022-10-16 02:57:54] local.ERROR: Cannot register two routes matching "/users" for method "GET" {"exception":"[object] (FastRoute\\BadRouteException(code: 0): Cannot register two routes matching \"/users\" for method \"GET\" at C:\\Users\\hanif\\Documents\\lumenapi\\vendor\\nikic\\fast-route\\src\\DataGenerator\\RegexBasedAbstract.php:86)
[stacktrace]
#0 C:\\Users\\hanif\\Documents\\lumenapi\\vendor\\nikic\\fast-route\\src\\DataGenerator\\RegexBasedAbstract.php(30): FastRoute\\DataGenerator\\RegexBasedAbstract->addStaticRoute('GET', Array, Array)
#1 C:\\Users\\hanif\\Documents\\lumenapi\\vendor\\nikic\\fast-route\\src\\RouteCollector.php(44): FastRoute\\DataGenerator\\RegexBasedAbstract->addRoute('GET', Array, Array)
#2 C:\\Users\\hanif\\Documents\\lumenapi\\vendor\\laravel\\lumen-framework\\src\\Concerns\\RoutesRequests.php(207): FastRoute\\RouteCollector->addRoute('GET', '/users', Array)
#3 C:\\Users\\hanif\\Documents\\lumenapi\\vendor\\nikic\\fast-route\\src\\functions.php(25): Laravel\\Lumen\\Application->Laravel\\Lumen\\Concerns\\{closure}(Object(FastRoute\\RouteCollector))
#4 C:\\Users\\hanif\\Documents\\lumenapi\\vendor\\laravel\\lumen-framework\\src\\Concerns\\RoutesRequests.php(209): FastRoute\\simpleDispatcher(Object(Closure))
#5 C:\\Users\\hanif\\Documents\\lumenapi\\vendor\\laravel\\lumen-framework\\src\\Concerns\\RoutesRequests.php(173): Laravel\\Lumen\\Application->createDispatcher()
#6 C:\\Users\\hanif\\Documents\\lumenapi\\vendor\\laravel\\lumen-framework\\src\\Concerns\\RoutesRequests.php(429): Laravel\\Lumen\\Application->Laravel\\Lumen\\Concerns\\{closure}(Object(Laravel\\Lumen\\Http\\Request))
#7 C:\\Users\\hanif\\Documents\\lumenapi\\vendor\\laravel\\lumen-framework\\src\\Concerns\\RoutesRequests.php(175): Laravel\\Lumen\\Application->sendThroughPipeline(Array, Object(Closure))
#8 C:\\Users\\hanif\\Documents\\lumenapi\\vendor\\laravel\\lumen-framework\\src\\Concerns\\RoutesRequests.php(112): Laravel\\Lumen\\Application->dispatch(NULL)
#9 C:\\Users\\hanif\\Documents\\lumenapi\\public\\index.php(28): Laravel\\Lumen\\Application->run()
#10 {main}
"} 
[2022-10-16 03:09:16] local.ERROR: syntax error, unexpected token "}", expecting ";" {"exception":"[object] (ParseError(code: 0): syntax error, unexpected token \"}\", expecting \";\" at C:\\Users\\hanif\\Documents\\lumenapi\\routes\\web.php:59)
[stacktrace]
#0 C:\\Users\\hanif\\Documents\\lumenapi\\vendor\\laravel\\lumen-framework\\src\\Routing\\Router.php(62): {closure}(Object(Laravel\\Lumen\\Routing\\Router))
#1 C:\\Users\\hanif\\Documents\\lumenapi\\bootstrap\\app.php(113): Laravel\\Lumen\\Routing\\Router->group(Array, Object(Closure))
#2 C:\\Users\\hanif\\Documents\\lumenapi\\public\\index.php(14): require('C:\\\\Users\\\\hanif\\\\...')
#3 {main}
"} 
[2022-10-16 03:09:17] local.ERROR: syntax error, unexpected token "}", expecting ";" {"exception":"[object] (ParseError(code: 0): syntax error, unexpected token \"}\", expecting \";\" at C:\\Users\\hanif\\Documents\\lumenapi\\routes\\web.php:59)
[stacktrace]
#0 C:\\Users\\hanif\\Documents\\lumenapi\\vendor\\laravel\\lumen-framework\\src\\Routing\\Router.php(62): {closure}(Object(Laravel\\Lumen\\Routing\\Router))
#1 C:\\Users\\hanif\\Documents\\lumenapi\\bootstrap\\app.php(113): Laravel\\Lumen\\Routing\\Router->group(Array, Object(Closure))
#2 C:\\Users\\hanif\\Documents\\lumenapi\\public\\index.php(14): require('C:\\\\Users\\\\hanif\\\\...')
#3 {main}
"} 
[2022-10-16 03:09:50] local.ERROR: Target class [Request] does not exist. {"exception":"[object] (Illuminate\\Contracts\\Container\\BindingResolutionException(code: 0): Target class [Request] does not exist. at C:\\Users\\hanif\\Documents\\lumenapi\\vendor\\illuminate\\container\\Container.php:877)
[stacktrace]
#0 C:\\Users\\hanif\\Documents\\lumenapi\\vendor\\illuminate\\container\\Container.php(756): Illuminate\\Container\\Container->build('Request')
#1 C:\\Users\\hanif\\Documents\\lumenapi\\vendor\\illuminate\\container\\Container.php(692): Illuminate\\Container\\Container->resolve('Request', Array)
#2 C:\\Users\\hanif\\Documents\\lumenapi\\vendor\\laravel\\lumen-framework\\src\\Application.php(300): Illuminate\\Container\\Container->make('Request', Array)
#3 C:\\Users\\hanif\\Documents\\lumenapi\\vendor\\illuminate\\container\\BoundMethod.php(181): Laravel\\Lumen\\Application->make('Request')
#4 C:\\Users\\hanif\\Documents\\lumenapi\\vendor\\illuminate\\container\\BoundMethod.php(124): Illuminate\\Container\\BoundMethod::addDependencyForCallParameter(Object(Laravel\\Lumen\\Application), Object(ReflectionParameter), Array, Array)
#5 C:\\Users\\hanif\\Documents\\lumenapi\\vendor\\illuminate\\container\\BoundMethod.php(36): Illuminate\\Container\\BoundMethod::getMethodDependencies(Object(Laravel\\Lumen\\Application), Object(Closure), Array)
#6 C:\\Users\\hanif\\Documents\\lumenapi\\vendor\\illuminate\\container\\Util.php(41): Illuminate\\Container\\BoundMethod::Illuminate\\Container\\{closure}()
#7 C:\\Users\\hanif\\Documents\\lumenapi\\vendor\\illuminate\\container\\BoundMethod.php(81): Illuminate\\Container\\Util::unwrapIfClosure(Object(Closure))
#8 C:\\Users\\hanif\\Documents\\lumenapi\\vendor\\illuminate\\container\\BoundMethod.php(37): Illuminate\\Container\\BoundMethod::callBoundMethod(Object(Laravel\\Lumen\\Application), Object(Closure), Object(Closure))
#9 C:\\Users\\hanif\\Documents\\lumenapi\\vendor\\illuminate\\container\\Container.php(651): Illuminate\\Container\\BoundMethod::call(Object(Laravel\\Lumen\\Application), Object(Closure), Array, NULL)
#10 C:\\Users\\hanif\\Documents\\lumenapi\\vendor\\laravel\\lumen-framework\\src\\Concerns\\RoutesRequests.php(302): Illuminate\\Container\\Container->call(Object(Closure), Array)
#11 C:\\Users\\hanif\\Documents\\lumenapi\\vendor\\laravel\\lumen-framework\\src\\Concerns\\RoutesRequests.php(267): Laravel\\Lumen\\Application->callActionOnArrayBasedRoute(Array)
#12 C:\\Users\\hanif\\Documents\\lumenapi\\vendor\\laravel\\lumen-framework\\src\\Concerns\\RoutesRequests.php(169): Laravel\\Lumen\\Application->handleFoundRoute(Array)
#13 C:\\Users\\hanif\\Documents\\lumenapi\\vendor\\laravel\\lumen-framework\\src\\Concerns\\RoutesRequests.php(429): Laravel\\Lumen\\Application->Laravel\\Lumen\\Concerns\\{closure}(Object(Laravel\\Lumen\\Http\\Request))
#14 C:\\Users\\hanif\\Documents\\lumenapi\\vendor\\laravel\\lumen-framework\\src\\Concerns\\RoutesRequests.php(175): Laravel\\Lumen\\Application->sendThroughPipeline(Array, Object(Closure))
#15 C:\\Users\\hanif\\Documents\\lumenapi\\vendor\\laravel\\lumen-framework\\src\\Concerns\\RoutesRequests.php(112): Laravel\\Lumen\\Application->dispatch(NULL)
#16 C:\\Users\\hanif\\Documents\\lumenapi\\public\\index.php(28): Laravel\\Lumen\\Application->run()
#17 {main}

[previous exception] [object] (ReflectionException(code: -1): Class \"Request\" does not exist at C:\\Users\\hanif\\Documents\\lumenapi\\vendor\\illuminate\\container\\Container.php:875)
[stacktrace]
#0 C:\\Users\\hanif\\Documents\\lumenapi\\vendor\\illuminate\\container\\Container.php(875): ReflectionClass->__construct('Request')
#1 C:\\Users\\hanif\\Documents\\lumenapi\\vendor\\illuminate\\container\\Container.php(756): Illuminate\\Container\\Container->build('Request')
#2 C:\\Users\\hanif\\Documents\\lumenapi\\vendor\\illuminate\\container\\Container.php(692): Illuminate\\Container\\Container->resolve('Request', Array)
#3 C:\\Users\\hanif\\Documents\\lumenapi\\vendor\\laravel\\lumen-framework\\src\\Application.php(300): Illuminate\\Container\\Container->make('Request', Array)
#4 C:\\Users\\hanif\\Documents\\lumenapi\\vendor\\illuminate\\container\\BoundMethod.php(181): Laravel\\Lumen\\Application->make('Request')
#5 C:\\Users\\hanif\\Documents\\lumenapi\\vendor\\illuminate\\container\\BoundMethod.php(124): Illuminate\\Container\\BoundMethod::addDependencyForCallParameter(Object(Laravel\\Lumen\\Application), Object(ReflectionParameter), Array, Array)
#6 C:\\Users\\hanif\\Documents\\lumenapi\\vendor\\illuminate\\container\\BoundMethod.php(36): Illuminate\\Container\\BoundMethod::getMethodDependencies(Object(Laravel\\Lumen\\Application), Object(Closure), Array)
#7 C:\\Users\\hanif\\Documents\\lumenapi\\vendor\\illuminate\\container\\Util.php(41): Illuminate\\Container\\BoundMethod::Illuminate\\Container\\{closure}()
#8 C:\\Users\\hanif\\Documents\\lumenapi\\vendor\\illuminate\\container\\BoundMethod.php(81): Illuminate\\Container\\Util::unwrapIfClosure(Object(Closure))
#9 C:\\Users\\hanif\\Documents\\lumenapi\\vendor\\illuminate\\container\\BoundMethod.php(37): Illuminate\\Container\\BoundMethod::callBoundMethod(Object(Laravel\\Lumen\\Application), Object(Closure), Object(Closure))
#10 C:\\Users\\hanif\\Documents\\lumenapi\\vendor\\illuminate\\container\\Container.php(651): Illuminate\\Container\\BoundMethod::call(Object(Laravel\\Lumen\\Application), Object(Closure), Array, NULL)
#11 C:\\Users\\hanif\\Documents\\lumenapi\\vendor\\laravel\\lumen-framework\\src\\Concerns\\RoutesRequests.php(302): Illuminate\\Container\\Container->call(Object(Closure), Array)
#12 C:\\Users\\hanif\\Documents\\lumenapi\\vendor\\laravel\\lumen-framework\\src\\Concerns\\RoutesRequests.php(267): Laravel\\Lumen\\Application->callActionOnArrayBasedRoute(Array)
#13 C:\\Users\\hanif\\Documents\\lumenapi\\vendor\\laravel\\lumen-framework\\src\\Concerns\\RoutesRequests.php(169): Laravel\\Lumen\\Application->handleFoundRoute(Array)
#14 C:\\Users\\hanif\\Documents\\lumenapi\\vendor\\laravel\\lumen-framework\\src\\Concerns\\RoutesRequests.php(429): Laravel\\Lumen\\Application->Laravel\\Lumen\\Concerns\\{closure}(Object(Laravel\\Lumen\\Http\\Request))
#15 C:\\Users\\hanif\\Documents\\lumenapi\\vendor\\laravel\\lumen-framework\\src\\Concerns\\RoutesRequests.php(175): Laravel\\Lumen\\Application->sendThroughPipeline(Array, Object(Closure))
#16 C:\\Users\\hanif\\Documents\\lumenapi\\vendor\\laravel\\lumen-framework\\src\\Concerns\\RoutesRequests.php(112): Laravel\\Lumen\\Application->dispatch(NULL)
#17 C:\\Users\\hanif\\Documents\\lumenapi\\public\\index.php(28): Laravel\\Lumen\\Application->run()
#18 {main}
"} 
