[2022-11-18 06:53:58] local.ERROR: SQLSTATE[HY000] [2002] No connection could be made because the target machine actively refused it (SQL: select * from `users` where `email` = scaramouche@fatui.org limit 1) {"exception":"[object] (Illuminate\\Database\\QueryException(code: 2002): SQLSTATE[HY000] [2002] No connection could be made because the target machine actively refused it (SQL: select * from `users` where `email` = scaramouche@fatui.org limit 1) at C:\\Users\\hanif\\Documents\\lumenapi\\vendor\\illuminate\\database\\Connection.php:759)
[stacktrace]
#0 C:\\Users\\hanif\\Documents\\lumenapi\\vendor\\illuminate\\database\\Connection.php(719): Illuminate\\Database\\Connection->runQueryCallback('select * from `...', Array, Object(Closure))
#1 C:\\Users\\hanif\\Documents\\lumenapi\\vendor\\illuminate\\database\\Connection.php(421): Illuminate\\Database\\Connection->run('select * from `...', Array, Object(Closure))
#2 C:\\Users\\hanif\\Documents\\lumenapi\\vendor\\illuminate\\database\\Query\\Builder.php(2630): Illuminate\\Database\\Connection->select('select * from `...', Array, true)
#3 C:\\Users\\hanif\\Documents\\lumenapi\\vendor\\illuminate\\database\\Query\\Builder.php(2618): Illuminate\\Database\\Query\\Builder->runSelect()
#4 C:\\Users\\hanif\\Documents\\lumenapi\\vendor\\illuminate\\database\\Query\\Builder.php(3154): Illuminate\\Database\\Query\\Builder->Illuminate\\Database\\Query\\{closure}()
#5 C:\\Users\\hanif\\Documents\\lumenapi\\vendor\\illuminate\\database\\Query\\Builder.php(2619): Illuminate\\Database\\Query\\Builder->onceWithColumns(Array, Object(Closure))
#6 C:\\Users\\hanif\\Documents\\lumenapi\\vendor\\illuminate\\database\\Eloquent\\Builder.php(699): Illuminate\\Database\\Query\\Builder->get(Array)
#7 C:\\Users\\hanif\\Documents\\lumenapi\\vendor\\illuminate\\database\\Eloquent\\Builder.php(683): Illuminate\\Database\\Eloquent\\Builder->getModels(Array)
#8 C:\\Users\\hanif\\Documents\\lumenapi\\vendor\\illuminate\\database\\Concerns\\BuildsQueries.php(296): Illuminate\\Database\\Eloquent\\Builder->get(Array)
#9 C:\\Users\\hanif\\Documents\\lumenapi\\app\\Http\\Controllers\\AuthController.php(49): Illuminate\\Database\\Eloquent\\Builder->first()
#10 C:\\Users\\hanif\\Documents\\lumenapi\\vendor\\illuminate\\container\\BoundMethod.php(36): App\\Http\\Controllers\\AuthController->login(Object(Laravel\\Lumen\\Http\\Request))
#11 C:\\Users\\hanif\\Documents\\lumenapi\\vendor\\illuminate\\container\\Util.php(41): Illuminate\\Container\\BoundMethod::Illuminate\\Container\\{closure}()
#12 C:\\Users\\hanif\\Documents\\lumenapi\\vendor\\illuminate\\container\\BoundMethod.php(93): Illuminate\\Container\\Util::unwrapIfClosure(Object(Closure))
#13 C:\\Users\\hanif\\Documents\\lumenapi\\vendor\\illuminate\\container\\BoundMethod.php(37): Illuminate\\Container\\BoundMethod::callBoundMethod(Object(Laravel\\Lumen\\Application), Array, Object(Closure))
#14 C:\\Users\\hanif\\Documents\\lumenapi\\vendor\\illuminate\\container\\Container.php(651): Illuminate\\Container\\BoundMethod::call(Object(Laravel\\Lumen\\Application), Array, Array, NULL)
#15 C:\\Users\\hanif\\Documents\\lumenapi\\vendor\\laravel\\lumen-framework\\src\\Concerns\\RoutesRequests.php(389): Illuminate\\Container\\Container->call(Array, Array)
#16 C:\\Users\\hanif\\Documents\\lumenapi\\vendor\\laravel\\lumen-framework\\src\\Concerns\\RoutesRequests.php(355): Laravel\\Lumen\\Application->callControllerCallable(Array, Array)
#17 C:\\Users\\hanif\\Documents\\lumenapi\\vendor\\laravel\\lumen-framework\\src\\Concerns\\RoutesRequests.php(329): Laravel\\Lumen\\Application->callLumenController(Object(App\\Http\\Controllers\\AuthController), 'login', Array)
#18 C:\\Users\\hanif\\Documents\\lumenapi\\vendor\\laravel\\lumen-framework\\src\\Concerns\\RoutesRequests.php(282): Laravel\\Lumen\\Application->callControllerAction(Array)
#19 C:\\Users\\hanif\\Documents\\lumenapi\\vendor\\laravel\\lumen-framework\\src\\Concerns\\RoutesRequests.php(267): Laravel\\Lumen\\Application->callActionOnArrayBasedRoute(Array)
#20 C:\\Users\\hanif\\Documents\\lumenapi\\vendor\\laravel\\lumen-framework\\src\\Concerns\\RoutesRequests.php(169): Laravel\\Lumen\\Application->handleFoundRoute(Array)
#21 C:\\Users\\hanif\\Documents\\lumenapi\\vendor\\laravel\\lumen-framework\\src\\Concerns\\RoutesRequests.php(429): Laravel\\Lumen\\Application->Laravel\\Lumen\\Concerns\\{closure}(Object(Laravel\\Lumen\\Http\\Request))
#22 C:\\Users\\hanif\\Documents\\lumenapi\\vendor\\laravel\\lumen-framework\\src\\Concerns\\RoutesRequests.php(175): Laravel\\Lumen\\Application->sendThroughPipeline(Array, Object(Closure))
#23 C:\\Users\\hanif\\Documents\\lumenapi\\vendor\\laravel\\lumen-framework\\src\\Concerns\\RoutesRequests.php(112): Laravel\\Lumen\\Application->dispatch(NULL)
#24 C:\\Users\\hanif\\Documents\\lumenapi\\public\\index.php(28): Laravel\\Lumen\\Application->run()
#25 {main}

[previous exception] [object] (PDOException(code: 2002): SQLSTATE[HY000] [2002] No connection could be made because the target machine actively refused it at C:\\Users\\hanif\\Documents\\lumenapi\\vendor\\illuminate\\database\\Connectors\\Connector.php:70)
[stacktrace]
#0 C:\\Users\\hanif\\Documents\\lumenapi\\vendor\\illuminate\\database\\Connectors\\Connector.php(70): PDO->__construct('mysql:host=127....', 'root', 'inipassw', Array)
#1 C:\\Users\\hanif\\Documents\\lumenapi\\vendor\\illuminate\\database\\Connectors\\Connector.php(46): Illuminate\\Database\\Connectors\\Connector->createPdoConnection('mysql:host=127....', 'root', 'inipassw', Array)
#2 C:\\Users\\hanif\\Documents\\lumenapi\\vendor\\illuminate\\database\\Connectors\\MySqlConnector.php(24): Illuminate\\Database\\Connectors\\Connector->createConnection('mysql:host=127....', Array, Array)
#3 C:\\Users\\hanif\\Documents\\lumenapi\\vendor\\illuminate\\database\\Connectors\\ConnectionFactory.php(184): Illuminate\\Database\\Connectors\\MySqlConnector->connect(Array)
#4 [internal function]: Illuminate\\Database\\Connectors\\ConnectionFactory->Illuminate\\Database\\Connectors\\{closure}()
#5 C:\\Users\\hanif\\Documents\\lumenapi\\vendor\\illuminate\\database\\Connection.php(1168): call_user_func(Object(Closure))
#6 C:\\Users\\hanif\\Documents\\lumenapi\\vendor\\illuminate\\database\\Connection.php(1204): Illuminate\\Database\\Connection->getPdo()
#7 C:\\Users\\hanif\\Documents\\lumenapi\\vendor\\illuminate\\database\\Connection.php(485): Illuminate\\Database\\Connection->getReadPdo()
#8 C:\\Users\\hanif\\Documents\\lumenapi\\vendor\\illuminate\\database\\Connection.php(413): Illuminate\\Database\\Connection->getPdoForSelect(true)
#9 C:\\Users\\hanif\\Documents\\lumenapi\\vendor\\illuminate\\database\\Connection.php(752): Illuminate\\Database\\Connection->Illuminate\\Database\\{closure}('select * from `...', Array)
#10 C:\\Users\\hanif\\Documents\\lumenapi\\vendor\\illuminate\\database\\Connection.php(719): Illuminate\\Database\\Connection->runQueryCallback('select * from `...', Array, Object(Closure))
#11 C:\\Users\\hanif\\Documents\\lumenapi\\vendor\\illuminate\\database\\Connection.php(421): Illuminate\\Database\\Connection->run('select * from `...', Array, Object(Closure))
#12 C:\\Users\\hanif\\Documents\\lumenapi\\vendor\\illuminate\\database\\Query\\Builder.php(2630): Illuminate\\Database\\Connection->select('select * from `...', Array, true)
#13 C:\\Users\\hanif\\Documents\\lumenapi\\vendor\\illuminate\\database\\Query\\Builder.php(2618): Illuminate\\Database\\Query\\Builder->runSelect()
#14 C:\\Users\\hanif\\Documents\\lumenapi\\vendor\\illuminate\\database\\Query\\Builder.php(3154): Illuminate\\Database\\Query\\Builder->Illuminate\\Database\\Query\\{closure}()
#15 C:\\Users\\hanif\\Documents\\lumenapi\\vendor\\illuminate\\database\\Query\\Builder.php(2619): Illuminate\\Database\\Query\\Builder->onceWithColumns(Array, Object(Closure))
#16 C:\\Users\\hanif\\Documents\\lumenapi\\vendor\\illuminate\\database\\Eloquent\\Builder.php(699): Illuminate\\Database\\Query\\Builder->get(Array)
#17 C:\\Users\\hanif\\Documents\\lumenapi\\vendor\\illuminate\\database\\Eloquent\\Builder.php(683): Illuminate\\Database\\Eloquent\\Builder->getModels(Array)
#18 C:\\Users\\hanif\\Documents\\lumenapi\\vendor\\illuminate\\database\\Concerns\\BuildsQueries.php(296): Illuminate\\Database\\Eloquent\\Builder->get(Array)
#19 C:\\Users\\hanif\\Documents\\lumenapi\\app\\Http\\Controllers\\AuthController.php(49): Illuminate\\Database\\Eloquent\\Builder->first()
#20 C:\\Users\\hanif\\Documents\\lumenapi\\vendor\\illuminate\\container\\BoundMethod.php(36): App\\Http\\Controllers\\AuthController->login(Object(Laravel\\Lumen\\Http\\Request))
#21 C:\\Users\\hanif\\Documents\\lumenapi\\vendor\\illuminate\\container\\Util.php(41): Illuminate\\Container\\BoundMethod::Illuminate\\Container\\{closure}()
#22 C:\\Users\\hanif\\Documents\\lumenapi\\vendor\\illuminate\\container\\BoundMethod.php(93): Illuminate\\Container\\Util::unwrapIfClosure(Object(Closure))
#23 C:\\Users\\hanif\\Documents\\lumenapi\\vendor\\illuminate\\container\\BoundMethod.php(37): Illuminate\\Container\\BoundMethod::callBoundMethod(Object(Laravel\\Lumen\\Application), Array, Object(Closure))
#24 C:\\Users\\hanif\\Documents\\lumenapi\\vendor\\illuminate\\container\\Container.php(651): Illuminate\\Container\\BoundMethod::call(Object(Laravel\\Lumen\\Application), Array, Array, NULL)
#25 C:\\Users\\hanif\\Documents\\lumenapi\\vendor\\laravel\\lumen-framework\\src\\Concerns\\RoutesRequests.php(389): Illuminate\\Container\\Container->call(Array, Array)
#26 C:\\Users\\hanif\\Documents\\lumenapi\\vendor\\laravel\\lumen-framework\\src\\Concerns\\RoutesRequests.php(355): Laravel\\Lumen\\Application->callControllerCallable(Array, Array)
#27 C:\\Users\\hanif\\Documents\\lumenapi\\vendor\\laravel\\lumen-framework\\src\\Concerns\\RoutesRequests.php(329): Laravel\\Lumen\\Application->callLumenController(Object(App\\Http\\Controllers\\AuthController), 'login', Array)
#28 C:\\Users\\hanif\\Documents\\lumenapi\\vendor\\laravel\\lumen-framework\\src\\Concerns\\RoutesRequests.php(282): Laravel\\Lumen\\Application->callControllerAction(Array)
#29 C:\\Users\\hanif\\Documents\\lumenapi\\vendor\\laravel\\lumen-framework\\src\\Concerns\\RoutesRequests.php(267): Laravel\\Lumen\\Application->callActionOnArrayBasedRoute(Array)
#30 C:\\Users\\hanif\\Documents\\lumenapi\\vendor\\laravel\\lumen-framework\\src\\Concerns\\RoutesRequests.php(169): Laravel\\Lumen\\Application->handleFoundRoute(Array)
#31 C:\\Users\\hanif\\Documents\\lumenapi\\vendor\\laravel\\lumen-framework\\src\\Concerns\\RoutesRequests.php(429): Laravel\\Lumen\\Application->Laravel\\Lumen\\Concerns\\{closure}(Object(Laravel\\Lumen\\Http\\Request))
#32 C:\\Users\\hanif\\Documents\\lumenapi\\vendor\\laravel\\lumen-framework\\src\\Concerns\\RoutesRequests.php(175): Laravel\\Lumen\\Application->sendThroughPipeline(Array, Object(Closure))
#33 C:\\Users\\hanif\\Documents\\lumenapi\\vendor\\laravel\\lumen-framework\\src\\Concerns\\RoutesRequests.php(112): Laravel\\Lumen\\Application->dispatch(NULL)
#34 C:\\Users\\hanif\\Documents\\lumenapi\\public\\index.php(28): Laravel\\Lumen\\Application->run()
#35 {main}
"} 
[2022-11-18 07:31:43] local.ERROR: Cannot redeclare App\Http\Controllers\AuthController::jwt() {"exception":"[object] (Symfony\\Component\\ErrorHandler\\Error\\FatalError(code: 0): Cannot redeclare App\\Http\\Controllers\\AuthController::jwt() at C:\\Users\\hanif\\Documents\\lumenapi\\app\\Http\\Controllers\\AuthController.php:100)
[stacktrace]
#0 {main}
"} 
