[2022-10-06 09:09:21] local.ERROR: SQLSTATE[HY000] [1045] Access denied for user 'root'@'localhost' (using password: NO) (SQL: select * from information_schema.tables where table_schema = lumenapi and table_name = migrations and table_type = 'BASE TABLE') {"exception":"[object] (Illuminate\\Database\\QueryException(code: 1045): SQLSTATE[HY000] [1045] Access denied for user 'root'@'localhost' (using password: NO) (SQL: select * from information_schema.tables where table_schema = lumenapi and table_name = migrations and table_type = 'BASE TABLE') at C:\\Users\\hanif\\Documents\\lumenapi\\vendor\\illuminate\\database\\Connection.php:759)
[stacktrace]
#0 C:\\Users\\hanif\\Documents\\lumenapi\\vendor\\illuminate\\database\\Connection.php(719): Illuminate\\Database\\Connection->runQueryCallback('select * from i...', Array, Object(Closure))
#1 C:\\Users\\hanif\\Documents\\lumenapi\\vendor\\illuminate\\database\\Connection.php(421): Illuminate\\Database\\Connection->run('select * from i...', Array, Object(Closure))
#2 C:\\Users\\hanif\\Documents\\lumenapi\\vendor\\illuminate\\database\\Schema\\MySqlBuilder.php(44): Illuminate\\Database\\Connection->select('select * from i...', Array)
#3 C:\\Users\\hanif\\Documents\\lumenapi\\vendor\\illuminate\\database\\Migrations\\DatabaseMigrationRepository.php(169): Illuminate\\Database\\Schema\\MySqlBuilder->hasTable('migrations')
#4 C:\\Users\\hanif\\Documents\\lumenapi\\vendor\\illuminate\\database\\Migrations\\Migrator.php(683): Illuminate\\Database\\Migrations\\DatabaseMigrationRepository->repositoryExists()
#5 C:\\Users\\hanif\\Documents\\lumenapi\\vendor\\illuminate\\database\\Console\\Migrations\\MigrateCommand.php(136): Illuminate\\Database\\Migrations\\Migrator->repositoryExists()
#6 C:\\Users\\hanif\\Documents\\lumenapi\\vendor\\illuminate\\support\\helpers.php(243): Illuminate\\Database\\Console\\Migrations\\MigrateCommand->Illuminate\\Database\\Console\\Migrations\\{closure}(1)
#7 C:\\Users\\hanif\\Documents\\lumenapi\\vendor\\illuminate\\database\\Console\\Migrations\\MigrateCommand.php(156): retry(1, Object(Closure), 0, Object(Closure))
#8 C:\\Users\\hanif\\Documents\\lumenapi\\vendor\\illuminate\\database\\Console\\Migrations\\MigrateCommand.php(112): Illuminate\\Database\\Console\\Migrations\\MigrateCommand->repositoryExists()
#9 C:\\Users\\hanif\\Documents\\lumenapi\\vendor\\illuminate\\database\\Console\\Migrations\\MigrateCommand.php(80): Illuminate\\Database\\Console\\Migrations\\MigrateCommand->prepareDatabase()
#10 C:\\Users\\hanif\\Documents\\lumenapi\\vendor\\illuminate\\database\\Migrations\\Migrator.php(616): Illuminate\\Database\\Console\\Migrations\\MigrateCommand->Illuminate\\Database\\Console\\Migrations\\{closure}()
#11 C:\\Users\\hanif\\Documents\\lumenapi\\vendor\\illuminate\\database\\Console\\Migrations\\MigrateCommand.php(100): Illuminate\\Database\\Migrations\\Migrator->usingConnection(NULL, Object(Closure))
#12 C:\\Users\\hanif\\Documents\\lumenapi\\vendor\\illuminate\\container\\BoundMethod.php(36): Illuminate\\Database\\Console\\Migrations\\MigrateCommand->handle()
#13 C:\\Users\\hanif\\Documents\\lumenapi\\vendor\\illuminate\\container\\Util.php(41): Illuminate\\Container\\BoundMethod::Illuminate\\Container\\{closure}()
#14 C:\\Users\\hanif\\Documents\\lumenapi\\vendor\\illuminate\\container\\BoundMethod.php(93): Illuminate\\Container\\Util::unwrapIfClosure(Object(Closure))
#15 C:\\Users\\hanif\\Documents\\lumenapi\\vendor\\illuminate\\container\\BoundMethod.php(37): Illuminate\\Container\\BoundMethod::callBoundMethod(Object(Laravel\\Lumen\\Application), Array, Object(Closure))
#16 C:\\Users\\hanif\\Documents\\lumenapi\\vendor\\illuminate\\container\\Container.php(651): Illuminate\\Container\\BoundMethod::call(Object(Laravel\\Lumen\\Application), Array, Array, NULL)
#17 C:\\Users\\hanif\\Documents\\lumenapi\\vendor\\illuminate\\console\\Command.php(144): Illuminate\\Container\\Container->call(Array)
#18 C:\\Users\\hanif\\Documents\\lumenapi\\vendor\\symfony\\console\\Command\\Command.php(291): Illuminate\\Console\\Command->execute(Object(Symfony\\Component\\Console\\Input\\ArgvInput), Object(Illuminate\\Console\\OutputStyle))
#19 C:\\Users\\hanif\\Documents\\lumenapi\\vendor\\illuminate\\console\\Command.php(126): Symfony\\Component\\Console\\Command\\Command->run(Object(Symfony\\Component\\Console\\Input\\ArgvInput), Object(Illuminate\\Console\\OutputStyle))
#20 C:\\Users\\hanif\\Documents\\lumenapi\\vendor\\symfony\\console\\Application.php(1002): Illuminate\\Console\\Command->run(Object(Symfony\\Component\\Console\\Input\\ArgvInput), Object(Symfony\\Component\\Console\\Output\\ConsoleOutput))
#21 C:\\Users\\hanif\\Documents\\lumenapi\\vendor\\symfony\\console\\Application.php(299): Symfony\\Component\\Console\\Application->doRunCommand(Object(Illuminate\\Database\\Console\\Migrations\\MigrateCommand), Object(Symfony\\Component\\Console\\Input\\ArgvInput), Object(Symfony\\Component\\Console\\Output\\ConsoleOutput))
#22 C:\\Users\\hanif\\Documents\\lumenapi\\vendor\\symfony\\console\\Application.php(171): Symfony\\Component\\Console\\Application->doRun(Object(Symfony\\Component\\Console\\Input\\ArgvInput), Object(Symfony\\Component\\Console\\Output\\ConsoleOutput))
#23 C:\\Users\\hanif\\Documents\\lumenapi\\vendor\\illuminate\\console\\Application.php(102): Symfony\\Component\\Console\\Application->run(Object(Symfony\\Component\\Console\\Input\\ArgvInput), Object(Symfony\\Component\\Console\\Output\\ConsoleOutput))
#24 C:\\Users\\hanif\\Documents\\lumenapi\\vendor\\laravel\\lumen-framework\\src\\Console\\Kernel.php(116): Illuminate\\Console\\Application->run(Object(Symfony\\Component\\Console\\Input\\ArgvInput), Object(Symfony\\Component\\Console\\Output\\ConsoleOutput))
#25 C:\\Users\\hanif\\Documents\\lumenapi\\artisan(35): Laravel\\Lumen\\Console\\Kernel->handle(Object(Symfony\\Component\\Console\\Input\\ArgvInput), Object(Symfony\\Component\\Console\\Output\\ConsoleOutput))
#26 {main}

[previous exception] [object] (PDOException(code: 1045): SQLSTATE[HY000] [1045] Access denied for user 'root'@'localhost' (using password: NO) at C:\\Users\\hanif\\Documents\\lumenapi\\vendor\\illuminate\\database\\Connectors\\Connector.php:70)
[stacktrace]
#0 C:\\Users\\hanif\\Documents\\lumenapi\\vendor\\illuminate\\database\\Connectors\\Connector.php(70): PDO->__construct('mysql:host=127....', 'root', '', Array)
#1 C:\\Users\\hanif\\Documents\\lumenapi\\vendor\\illuminate\\database\\Connectors\\Connector.php(46): Illuminate\\Database\\Connectors\\Connector->createPdoConnection('mysql:host=127....', 'root', '', Array)
#2 C:\\Users\\hanif\\Documents\\lumenapi\\vendor\\illuminate\\database\\Connectors\\MySqlConnector.php(24): Illuminate\\Database\\Connectors\\Connector->createConnection('mysql:host=127....', Array, Array)
#3 C:\\Users\\hanif\\Documents\\lumenapi\\vendor\\illuminate\\database\\Connectors\\ConnectionFactory.php(184): Illuminate\\Database\\Connectors\\MySqlConnector->connect(Array)
#4 [internal function]: Illuminate\\Database\\Connectors\\ConnectionFactory->Illuminate\\Database\\Connectors\\{closure}()
#5 C:\\Users\\hanif\\Documents\\lumenapi\\vendor\\illuminate\\database\\Connection.php(1168): call_user_func(Object(Closure))
#6 C:\\Users\\hanif\\Documents\\lumenapi\\vendor\\illuminate\\database\\Connection.php(1204): Illuminate\\Database\\Connection->getPdo()
#7 C:\\Users\\hanif\\Documents\\lumenapi\\vendor\\illuminate\\database\\Connection.php(485): Illuminate\\Database\\Connection->getReadPdo()
#8 C:\\Users\\hanif\\Documents\\lumenapi\\vendor\\illuminate\\database\\Connection.php(413): Illuminate\\Database\\Connection->getPdoForSelect(true)
#9 C:\\Users\\hanif\\Documents\\lumenapi\\vendor\\illuminate\\database\\Connection.php(752): Illuminate\\Database\\Connection->Illuminate\\Database\\{closure}('select * from i...', Array)
#10 C:\\Users\\hanif\\Documents\\lumenapi\\vendor\\illuminate\\database\\Connection.php(719): Illuminate\\Database\\Connection->runQueryCallback('select * from i...', Array, Object(Closure))
#11 C:\\Users\\hanif\\Documents\\lumenapi\\vendor\\illuminate\\database\\Connection.php(421): Illuminate\\Database\\Connection->run('select * from i...', Array, Object(Closure))
#12 C:\\Users\\hanif\\Documents\\lumenapi\\vendor\\illuminate\\database\\Schema\\MySqlBuilder.php(44): Illuminate\\Database\\Connection->select('select * from i...', Array)
#13 C:\\Users\\hanif\\Documents\\lumenapi\\vendor\\illuminate\\database\\Migrations\\DatabaseMigrationRepository.php(169): Illuminate\\Database\\Schema\\MySqlBuilder->hasTable('migrations')
#14 C:\\Users\\hanif\\Documents\\lumenapi\\vendor\\illuminate\\database\\Migrations\\Migrator.php(683): Illuminate\\Database\\Migrations\\DatabaseMigrationRepository->repositoryExists()
#15 C:\\Users\\hanif\\Documents\\lumenapi\\vendor\\illuminate\\database\\Console\\Migrations\\MigrateCommand.php(136): Illuminate\\Database\\Migrations\\Migrator->repositoryExists()
#16 C:\\Users\\hanif\\Documents\\lumenapi\\vendor\\illuminate\\support\\helpers.php(243): Illuminate\\Database\\Console\\Migrations\\MigrateCommand->Illuminate\\Database\\Console\\Migrations\\{closure}(1)
#17 C:\\Users\\hanif\\Documents\\lumenapi\\vendor\\illuminate\\database\\Console\\Migrations\\MigrateCommand.php(156): retry(1, Object(Closure), 0, Object(Closure))
#18 C:\\Users\\hanif\\Documents\\lumenapi\\vendor\\illuminate\\database\\Console\\Migrations\\MigrateCommand.php(112): Illuminate\\Database\\Console\\Migrations\\MigrateCommand->repositoryExists()
#19 C:\\Users\\hanif\\Documents\\lumenapi\\vendor\\illuminate\\database\\Console\\Migrations\\MigrateCommand.php(80): Illuminate\\Database\\Console\\Migrations\\MigrateCommand->prepareDatabase()
#20 C:\\Users\\hanif\\Documents\\lumenapi\\vendor\\illuminate\\database\\Migrations\\Migrator.php(616): Illuminate\\Database\\Console\\Migrations\\MigrateCommand->Illuminate\\Database\\Console\\Migrations\\{closure}()
#21 C:\\Users\\hanif\\Documents\\lumenapi\\vendor\\illuminate\\database\\Console\\Migrations\\MigrateCommand.php(100): Illuminate\\Database\\Migrations\\Migrator->usingConnection(NULL, Object(Closure))
#22 C:\\Users\\hanif\\Documents\\lumenapi\\vendor\\illuminate\\container\\BoundMethod.php(36): Illuminate\\Database\\Console\\Migrations\\MigrateCommand->handle()
#23 C:\\Users\\hanif\\Documents\\lumenapi\\vendor\\illuminate\\container\\Util.php(41): Illuminate\\Container\\BoundMethod::Illuminate\\Container\\{closure}()
#24 C:\\Users\\hanif\\Documents\\lumenapi\\vendor\\illuminate\\container\\BoundMethod.php(93): Illuminate\\Container\\Util::unwrapIfClosure(Object(Closure))
#25 C:\\Users\\hanif\\Documents\\lumenapi\\vendor\\illuminate\\container\\BoundMethod.php(37): Illuminate\\Container\\BoundMethod::callBoundMethod(Object(Laravel\\Lumen\\Application), Array, Object(Closure))
#26 C:\\Users\\hanif\\Documents\\lumenapi\\vendor\\illuminate\\container\\Container.php(651): Illuminate\\Container\\BoundMethod::call(Object(Laravel\\Lumen\\Application), Array, Array, NULL)
#27 C:\\Users\\hanif\\Documents\\lumenapi\\vendor\\illuminate\\console\\Command.php(144): Illuminate\\Container\\Container->call(Array)
#28 C:\\Users\\hanif\\Documents\\lumenapi\\vendor\\symfony\\console\\Command\\Command.php(291): Illuminate\\Console\\Command->execute(Object(Symfony\\Component\\Console\\Input\\ArgvInput), Object(Illuminate\\Console\\OutputStyle))
#29 C:\\Users\\hanif\\Documents\\lumenapi\\vendor\\illuminate\\console\\Command.php(126): Symfony\\Component\\Console\\Command\\Command->run(Object(Symfony\\Component\\Console\\Input\\ArgvInput), Object(Illuminate\\Console\\OutputStyle))
#30 C:\\Users\\hanif\\Documents\\lumenapi\\vendor\\symfony\\console\\Application.php(1002): Illuminate\\Console\\Command->run(Object(Symfony\\Component\\Console\\Input\\ArgvInput), Object(Symfony\\Component\\Console\\Output\\ConsoleOutput))
#31 C:\\Users\\hanif\\Documents\\lumenapi\\vendor\\symfony\\console\\Application.php(299): Symfony\\Component\\Console\\Application->doRunCommand(Object(Illuminate\\Database\\Console\\Migrations\\MigrateCommand), Object(Symfony\\Component\\Console\\Input\\ArgvInput), Object(Symfony\\Component\\Console\\Output\\ConsoleOutput))
#32 C:\\Users\\hanif\\Documents\\lumenapi\\vendor\\symfony\\console\\Application.php(171): Symfony\\Component\\Console\\Application->doRun(Object(Symfony\\Component\\Console\\Input\\ArgvInput), Object(Symfony\\Component\\Console\\Output\\ConsoleOutput))
#33 C:\\Users\\hanif\\Documents\\lumenapi\\vendor\\illuminate\\console\\Application.php(102): Symfony\\Component\\Console\\Application->run(Object(Symfony\\Component\\Console\\Input\\ArgvInput), Object(Symfony\\Component\\Console\\Output\\ConsoleOutput))
#34 C:\\Users\\hanif\\Documents\\lumenapi\\vendor\\laravel\\lumen-framework\\src\\Console\\Kernel.php(116): Illuminate\\Console\\Application->run(Object(Symfony\\Component\\Console\\Input\\ArgvInput), Object(Symfony\\Component\\Console\\Output\\ConsoleOutput))
#35 C:\\Users\\hanif\\Documents\\lumenapi\\artisan(35): Laravel\\Lumen\\Console\\Kernel->handle(Object(Symfony\\Component\\Console\\Input\\ArgvInput), Object(Symfony\\Component\\Console\\Output\\ConsoleOutput))
#36 {main}
"} 
[2022-10-06 09:09:40] local.ERROR: SQLSTATE[HY000] [1045] Access denied for user 'root'@'localhost' (using password: YES) (SQL: select * from information_schema.tables where table_schema = lumenapi and table_name = migrations and table_type = 'BASE TABLE') {"exception":"[object] (Illuminate\\Database\\QueryException(code: 1045): SQLSTATE[HY000] [1045] Access denied for user 'root'@'localhost' (using password: YES) (SQL: select * from information_schema.tables where table_schema = lumenapi and table_name = migrations and table_type = 'BASE TABLE') at C:\\Users\\hanif\\Documents\\lumenapi\\vendor\\illuminate\\database\\Connection.php:759)
[stacktrace]
#0 C:\\Users\\hanif\\Documents\\lumenapi\\vendor\\illuminate\\database\\Connection.php(719): Illuminate\\Database\\Connection->runQueryCallback('select * from i...', Array, Object(Closure))
#1 C:\\Users\\hanif\\Documents\\lumenapi\\vendor\\illuminate\\database\\Connection.php(421): Illuminate\\Database\\Connection->run('select * from i...', Array, Object(Closure))
#2 C:\\Users\\hanif\\Documents\\lumenapi\\vendor\\illuminate\\database\\Schema\\MySqlBuilder.php(44): Illuminate\\Database\\Connection->select('select * from i...', Array)
#3 C:\\Users\\hanif\\Documents\\lumenapi\\vendor\\illuminate\\database\\Migrations\\DatabaseMigrationRepository.php(169): Illuminate\\Database\\Schema\\MySqlBuilder->hasTable('migrations')
#4 C:\\Users\\hanif\\Documents\\lumenapi\\vendor\\illuminate\\database\\Migrations\\Migrator.php(683): Illuminate\\Database\\Migrations\\DatabaseMigrationRepository->repositoryExists()
#5 C:\\Users\\hanif\\Documents\\lumenapi\\vendor\\illuminate\\database\\Console\\Migrations\\MigrateCommand.php(136): Illuminate\\Database\\Migrations\\Migrator->repositoryExists()
#6 C:\\Users\\hanif\\Documents\\lumenapi\\vendor\\illuminate\\support\\helpers.php(243): Illuminate\\Database\\Console\\Migrations\\MigrateCommand->Illuminate\\Database\\Console\\Migrations\\{closure}(1)
#7 C:\\Users\\hanif\\Documents\\lumenapi\\vendor\\illuminate\\database\\Console\\Migrations\\MigrateCommand.php(156): retry(1, Object(Closure), 0, Object(Closure))
#8 C:\\Users\\hanif\\Documents\\lumenapi\\vendor\\illuminate\\database\\Console\\Migrations\\MigrateCommand.php(112): Illuminate\\Database\\Console\\Migrations\\MigrateCommand->repositoryExists()
#9 C:\\Users\\hanif\\Documents\\lumenapi\\vendor\\illuminate\\database\\Console\\Migrations\\MigrateCommand.php(80): Illuminate\\Database\\Console\\Migrations\\MigrateCommand->prepareDatabase()
#10 C:\\Users\\hanif\\Documents\\lumenapi\\vendor\\illuminate\\database\\Migrations\\Migrator.php(616): Illuminate\\Database\\Console\\Migrations\\MigrateCommand->Illuminate\\Database\\Console\\Migrations\\{closure}()
#11 C:\\Users\\hanif\\Documents\\lumenapi\\vendor\\illuminate\\database\\Console\\Migrations\\MigrateCommand.php(100): Illuminate\\Database\\Migrations\\Migrator->usingConnection(NULL, Object(Closure))
#12 C:\\Users\\hanif\\Documents\\lumenapi\\vendor\\illuminate\\container\\BoundMethod.php(36): Illuminate\\Database\\Console\\Migrations\\MigrateCommand->handle()
#13 C:\\Users\\hanif\\Documents\\lumenapi\\vendor\\illuminate\\container\\Util.php(41): Illuminate\\Container\\BoundMethod::Illuminate\\Container\\{closure}()
#14 C:\\Users\\hanif\\Documents\\lumenapi\\vendor\\illuminate\\container\\BoundMethod.php(93): Illuminate\\Container\\Util::unwrapIfClosure(Object(Closure))
#15 C:\\Users\\hanif\\Documents\\lumenapi\\vendor\\illuminate\\container\\BoundMethod.php(37): Illuminate\\Container\\BoundMethod::callBoundMethod(Object(Laravel\\Lumen\\Application), Array, Object(Closure))
#16 C:\\Users\\hanif\\Documents\\lumenapi\\vendor\\illuminate\\container\\Container.php(651): Illuminate\\Container\\BoundMethod::call(Object(Laravel\\Lumen\\Application), Array, Array, NULL)
#17 C:\\Users\\hanif\\Documents\\lumenapi\\vendor\\illuminate\\console\\Command.php(144): Illuminate\\Container\\Container->call(Array)
#18 C:\\Users\\hanif\\Documents\\lumenapi\\vendor\\symfony\\console\\Command\\Command.php(291): Illuminate\\Console\\Command->execute(Object(Symfony\\Component\\Console\\Input\\ArgvInput), Object(Illuminate\\Console\\OutputStyle))
#19 C:\\Users\\hanif\\Documents\\lumenapi\\vendor\\illuminate\\console\\Command.php(126): Symfony\\Component\\Console\\Command\\Command->run(Object(Symfony\\Component\\Console\\Input\\ArgvInput), Object(Illuminate\\Console\\OutputStyle))
#20 C:\\Users\\hanif\\Documents\\lumenapi\\vendor\\symfony\\console\\Application.php(1002): Illuminate\\Console\\Command->run(Object(Symfony\\Component\\Console\\Input\\ArgvInput), Object(Symfony\\Component\\Console\\Output\\ConsoleOutput))
#21 C:\\Users\\hanif\\Documents\\lumenapi\\vendor\\symfony\\console\\Application.php(299): Symfony\\Component\\Console\\Application->doRunCommand(Object(Illuminate\\Database\\Console\\Migrations\\MigrateCommand), Object(Symfony\\Component\\Console\\Input\\ArgvInput), Object(Symfony\\Component\\Console\\Output\\ConsoleOutput))
#22 C:\\Users\\hanif\\Documents\\lumenapi\\vendor\\symfony\\console\\Application.php(171): Symfony\\Component\\Console\\Application->doRun(Object(Symfony\\Component\\Console\\Input\\ArgvInput), Object(Symfony\\Component\\Console\\Output\\ConsoleOutput))
#23 C:\\Users\\hanif\\Documents\\lumenapi\\vendor\\illuminate\\console\\Application.php(102): Symfony\\Component\\Console\\Application->run(Object(Symfony\\Component\\Console\\Input\\ArgvInput), Object(Symfony\\Component\\Console\\Output\\ConsoleOutput))
#24 C:\\Users\\hanif\\Documents\\lumenapi\\vendor\\laravel\\lumen-framework\\src\\Console\\Kernel.php(116): Illuminate\\Console\\Application->run(Object(Symfony\\Component\\Console\\Input\\ArgvInput), Object(Symfony\\Component\\Console\\Output\\ConsoleOutput))
#25 C:\\Users\\hanif\\Documents\\lumenapi\\artisan(35): Laravel\\Lumen\\Console\\Kernel->handle(Object(Symfony\\Component\\Console\\Input\\ArgvInput), Object(Symfony\\Component\\Console\\Output\\ConsoleOutput))
#26 {main}

[previous exception] [object] (PDOException(code: 1045): SQLSTATE[HY000] [1045] Access denied for user 'root'@'localhost' (using password: YES) at C:\\Users\\hanif\\Documents\\lumenapi\\vendor\\illuminate\\database\\Connectors\\Connector.php:70)
[stacktrace]
#0 C:\\Users\\hanif\\Documents\\lumenapi\\vendor\\illuminate\\database\\Connectors\\Connector.php(70): PDO->__construct('mysql:host=127....', 'root', 'rahasia', Array)
#1 C:\\Users\\hanif\\Documents\\lumenapi\\vendor\\illuminate\\database\\Connectors\\Connector.php(46): Illuminate\\Database\\Connectors\\Connector->createPdoConnection('mysql:host=127....', 'root', 'rahasia', Array)
#2 C:\\Users\\hanif\\Documents\\lumenapi\\vendor\\illuminate\\database\\Connectors\\MySqlConnector.php(24): Illuminate\\Database\\Connectors\\Connector->createConnection('mysql:host=127....', Array, Array)
#3 C:\\Users\\hanif\\Documents\\lumenapi\\vendor\\illuminate\\database\\Connectors\\ConnectionFactory.php(184): Illuminate\\Database\\Connectors\\MySqlConnector->connect(Array)
#4 [internal function]: Illuminate\\Database\\Connectors\\ConnectionFactory->Illuminate\\Database\\Connectors\\{closure}()
#5 C:\\Users\\hanif\\Documents\\lumenapi\\vendor\\illuminate\\database\\Connection.php(1168): call_user_func(Object(Closure))
#6 C:\\Users\\hanif\\Documents\\lumenapi\\vendor\\illuminate\\database\\Connection.php(1204): Illuminate\\Database\\Connection->getPdo()
#7 C:\\Users\\hanif\\Documents\\lumenapi\\vendor\\illuminate\\database\\Connection.php(485): Illuminate\\Database\\Connection->getReadPdo()
#8 C:\\Users\\hanif\\Documents\\lumenapi\\vendor\\illuminate\\database\\Connection.php(413): Illuminate\\Database\\Connection->getPdoForSelect(true)
#9 C:\\Users\\hanif\\Documents\\lumenapi\\vendor\\illuminate\\database\\Connection.php(752): Illuminate\\Database\\Connection->Illuminate\\Database\\{closure}('select * from i...', Array)
#10 C:\\Users\\hanif\\Documents\\lumenapi\\vendor\\illuminate\\database\\Connection.php(719): Illuminate\\Database\\Connection->runQueryCallback('select * from i...', Array, Object(Closure))
#11 C:\\Users\\hanif\\Documents\\lumenapi\\vendor\\illuminate\\database\\Connection.php(421): Illuminate\\Database\\Connection->run('select * from i...', Array, Object(Closure))
#12 C:\\Users\\hanif\\Documents\\lumenapi\\vendor\\illuminate\\database\\Schema\\MySqlBuilder.php(44): Illuminate\\Database\\Connection->select('select * from i...', Array)
#13 C:\\Users\\hanif\\Documents\\lumenapi\\vendor\\illuminate\\database\\Migrations\\DatabaseMigrationRepository.php(169): Illuminate\\Database\\Schema\\MySqlBuilder->hasTable('migrations')
#14 C:\\Users\\hanif\\Documents\\lumenapi\\vendor\\illuminate\\database\\Migrations\\Migrator.php(683): Illuminate\\Database\\Migrations\\DatabaseMigrationRepository->repositoryExists()
#15 C:\\Users\\hanif\\Documents\\lumenapi\\vendor\\illuminate\\database\\Console\\Migrations\\MigrateCommand.php(136): Illuminate\\Database\\Migrations\\Migrator->repositoryExists()
#16 C:\\Users\\hanif\\Documents\\lumenapi\\vendor\\illuminate\\support\\helpers.php(243): Illuminate\\Database\\Console\\Migrations\\MigrateCommand->Illuminate\\Database\\Console\\Migrations\\{closure}(1)
#17 C:\\Users\\hanif\\Documents\\lumenapi\\vendor\\illuminate\\database\\Console\\Migrations\\MigrateCommand.php(156): retry(1, Object(Closure), 0, Object(Closure))
#18 C:\\Users\\hanif\\Documents\\lumenapi\\vendor\\illuminate\\database\\Console\\Migrations\\MigrateCommand.php(112): Illuminate\\Database\\Console\\Migrations\\MigrateCommand->repositoryExists()
#19 C:\\Users\\hanif\\Documents\\lumenapi\\vendor\\illuminate\\database\\Console\\Migrations\\MigrateCommand.php(80): Illuminate\\Database\\Console\\Migrations\\MigrateCommand->prepareDatabase()
#20 C:\\Users\\hanif\\Documents\\lumenapi\\vendor\\illuminate\\database\\Migrations\\Migrator.php(616): Illuminate\\Database\\Console\\Migrations\\MigrateCommand->Illuminate\\Database\\Console\\Migrations\\{closure}()
#21 C:\\Users\\hanif\\Documents\\lumenapi\\vendor\\illuminate\\database\\Console\\Migrations\\MigrateCommand.php(100): Illuminate\\Database\\Migrations\\Migrator->usingConnection(NULL, Object(Closure))
#22 C:\\Users\\hanif\\Documents\\lumenapi\\vendor\\illuminate\\container\\BoundMethod.php(36): Illuminate\\Database\\Console\\Migrations\\MigrateCommand->handle()
#23 C:\\Users\\hanif\\Documents\\lumenapi\\vendor\\illuminate\\container\\Util.php(41): Illuminate\\Container\\BoundMethod::Illuminate\\Container\\{closure}()
#24 C:\\Users\\hanif\\Documents\\lumenapi\\vendor\\illuminate\\container\\BoundMethod.php(93): Illuminate\\Container\\Util::unwrapIfClosure(Object(Closure))
#25 C:\\Users\\hanif\\Documents\\lumenapi\\vendor\\illuminate\\container\\BoundMethod.php(37): Illuminate\\Container\\BoundMethod::callBoundMethod(Object(Laravel\\Lumen\\Application), Array, Object(Closure))
#26 C:\\Users\\hanif\\Documents\\lumenapi\\vendor\\illuminate\\container\\Container.php(651): Illuminate\\Container\\BoundMethod::call(Object(Laravel\\Lumen\\Application), Array, Array, NULL)
#27 C:\\Users\\hanif\\Documents\\lumenapi\\vendor\\illuminate\\console\\Command.php(144): Illuminate\\Container\\Container->call(Array)
#28 C:\\Users\\hanif\\Documents\\lumenapi\\vendor\\symfony\\console\\Command\\Command.php(291): Illuminate\\Console\\Command->execute(Object(Symfony\\Component\\Console\\Input\\ArgvInput), Object(Illuminate\\Console\\OutputStyle))
#29 C:\\Users\\hanif\\Documents\\lumenapi\\vendor\\illuminate\\console\\Command.php(126): Symfony\\Component\\Console\\Command\\Command->run(Object(Symfony\\Component\\Console\\Input\\ArgvInput), Object(Illuminate\\Console\\OutputStyle))
#30 C:\\Users\\hanif\\Documents\\lumenapi\\vendor\\symfony\\console\\Application.php(1002): Illuminate\\Console\\Command->run(Object(Symfony\\Component\\Console\\Input\\ArgvInput), Object(Symfony\\Component\\Console\\Output\\ConsoleOutput))
#31 C:\\Users\\hanif\\Documents\\lumenapi\\vendor\\symfony\\console\\Application.php(299): Symfony\\Component\\Console\\Application->doRunCommand(Object(Illuminate\\Database\\Console\\Migrations\\MigrateCommand), Object(Symfony\\Component\\Console\\Input\\ArgvInput), Object(Symfony\\Component\\Console\\Output\\ConsoleOutput))
#32 C:\\Users\\hanif\\Documents\\lumenapi\\vendor\\symfony\\console\\Application.php(171): Symfony\\Component\\Console\\Application->doRun(Object(Symfony\\Component\\Console\\Input\\ArgvInput), Object(Symfony\\Component\\Console\\Output\\ConsoleOutput))
#33 C:\\Users\\hanif\\Documents\\lumenapi\\vendor\\illuminate\\console\\Application.php(102): Symfony\\Component\\Console\\Application->run(Object(Symfony\\Component\\Console\\Input\\ArgvInput), Object(Symfony\\Component\\Console\\Output\\ConsoleOutput))
#34 C:\\Users\\hanif\\Documents\\lumenapi\\vendor\\laravel\\lumen-framework\\src\\Console\\Kernel.php(116): Illuminate\\Console\\Application->run(Object(Symfony\\Component\\Console\\Input\\ArgvInput), Object(Symfony\\Component\\Console\\Output\\ConsoleOutput))
#35 C:\\Users\\hanif\\Documents\\lumenapi\\artisan(35): Laravel\\Lumen\\Console\\Kernel->handle(Object(Symfony\\Component\\Console\\Input\\ArgvInput), Object(Symfony\\Component\\Console\\Output\\ConsoleOutput))
#36 {main}
"} 
